#
# There is insufficient memory for the Java Runtime Environment to continue.
# Native memory allocation (malloc) failed to allocate 1280064 bytes for Chunk::new
# Possible reasons:
#   The system is out of physical RAM or swap space
#   The process is running with CompressedOops enabled, and the Java Heap may be blocking the growth of the native heap
# Possible solutions:
#   Reduce memory load on the system
#   Increase physical memory or swap space
#   Check if swap backing store is full
#   Decrease Java heap size (-Xmx/-Xms)
#   Decrease number of Java threads
#   Decrease Java thread stack sizes (-Xss)
#   Set larger code cache with -XX:ReservedCodeCacheSize=
#   JVM is running with Unscaled Compressed Oops mode in which the Java heap is
#     placed in the first 4GB address space. The Java Heap base address is the
#     maximum limit for the native heap growth. Please use -XX:HeapBaseMinAddress
#     to set the Java Heap base and to place the Java Heap above 4GB virtual address.
# This output file may be truncated or incomplete.
#
#  Out of Memory Error (allocation.cpp:389), pid=5976, tid=0x00000000000018cc
#
# JRE version: OpenJDK Runtime Environment (8.0_202-b03) (build 1.8.0_202-release-1483-b03)
# Java VM: OpenJDK 64-Bit Server VM (25.202-b03 mixed mode windows-amd64 compressed oops)
# Failed to write core dump. Minidumps are not enabled by default on client versions of Windows
#

---------------  T H R E A D  ---------------

Current thread (0x0000000015c1c800):  JavaThread "C2 CompilerThread1" daemon [_thread_in_native, id=6348, stack(0x0000000017370000,0x0000000017470000)]

Stack: [0x0000000017370000,0x0000000017470000]
[error occurred during error reporting (printing stack bounds), id 0xc0000005]

Native frames: (J=compiled Java code, j=interpreted, Vv=VM code, C=native code)


Current CompileTask:
C2:3208740 19580       4       com.android.ide.common.resources.NodeUtils::updateNamespace (161 bytes)


---------------  P R O C E S S  ---------------

Java Threads: ( => current thread )
  0x00000000202b3000 JavaThread "ForkJoinPool.commonPool-worker-2" daemon [_thread_blocked, id=5520, stack(0x00000000228a0000,0x00000000229a0000)]
  0x00000000202b2800 JavaThread "Cache worker for execution history cache (C:\Users\Harsh\AndroidStudioProjects\IndiasForestMatrix4\.gradle\5.1.1\executionHistory)" [_thread_blocked, id=4272, stack(0x00000000227a0000,0x00000000228a0000)]
  0x00000000202ae800 JavaThread "Execution worker for ':' Thread 3" [_thread_blocked, id=3896, stack(0x00000000226a0000,0x00000000227a0000)]
  0x00000000202b1800 JavaThread "Execution worker for ':' Thread 2" [_thread_blocked, id=3112, stack(0x00000000223a0000,0x00000000224a0000)]
  0x00000000202ab800 JavaThread "Execution worker for ':'" [_thread_in_native, id=560, stack(0x00000000222a0000,0x00000000223a0000)]
  0x00000000202a8800 JavaThread "Cache worker for file content cache (C:\Users\Harsh\AndroidStudioProjects\IndiasForestMatrix4\.gradle\5.1.1\fileContent)" [_thread_blocked, id=5540, stack(0x0000000021fa0000,0x00000000220a0000)]
  0x00000000202ab000 JavaThread "Cache worker for Build Output Cleanup Cache (C:\Users\Harsh\AndroidStudioProjects\IndiasForestMatrix4\.gradle\buildOutputCleanup)" [_thread_blocked, id=4076, stack(0x0000000021ba0000,0x0000000021ca0000)]
  0x00000000202ae000 JavaThread "Build operations Thread 4" [_thread_blocked, id=2256, stack(0x0000000021aa0000,0x0000000021ba0000)]
  0x00000000202aa000 JavaThread "Build operations Thread 3" [_thread_blocked, id=1388, stack(0x00000000219a0000,0x0000000021aa0000)]
  0x00000000202af800 JavaThread "Build operations Thread 2" [_thread_blocked, id=4028, stack(0x000000001e400000,0x000000001e500000)]
  0x00000000202ad000 JavaThread "Build operations" [_thread_blocked, id=5024, stack(0x000000001df00000,0x000000001e000000)]
  0x00000000202a7000 JavaThread "Cache worker for cache directory md-rule (C:\Users\Harsh\.gradle\caches\5.1.1\md-rule)" [_thread_blocked, id=6784, stack(0x000000001de00000,0x000000001df00000)]
  0x000000001f27f800 JavaThread "Cache worker for cache directory md-supplier (C:\Users\Harsh\.gradle\caches\5.1.1\md-supplier)" [_thread_blocked, id=2096, stack(0x000000001dd00000,0x000000001de00000)]
  0x000000001f27f000 JavaThread "Cache worker for file hash cache (C:\Users\Harsh\AndroidStudioProjects\IndiasForestMatrix4\.gradle\5.1.1\fileHashes)" [_thread_blocked, id=2944, stack(0x000000001c900000,0x000000001ca00000)]
  0x000000001f27e000 JavaThread "Thread-201" [_thread_blocked, id=6552, stack(0x000000001a360000,0x000000001a460000)]
  0x000000001f283800 JavaThread "Stdin handler" [_thread_blocked, id=2928, stack(0x000000001a260000,0x000000001a360000)]
  0x000000001f282000 JavaThread "Asynchronous log dispatcher for DefaultDaemonConnection: socket connection from /127.0.0.1:59384 to /127.0.0.1:59632" [_thread_blocked, id=6084, stack(0x000000001a160000,0x000000001a260000)]
  0x000000001f27d000 JavaThread "Cancel handler" [_thread_blocked, id=6604, stack(0x0000000019b60000,0x0000000019c60000)]
  0x000000001f282800 JavaThread "Handler for socket connection from /127.0.0.1:59384 to /127.0.0.1:59632" [_thread_in_native, id=4964, stack(0x00000000006c0000,0x00000000007c0000)]
  0x000000001bc70000 JavaThread "Daemon worker Thread 8" [_thread_blocked, id=3604, stack(0x000000001a060000,0x000000001a160000)]
  0x000000001bc6b800 JavaThread "Daemon Thread 8" [_thread_blocked, id=5804, stack(0x00000000005c0000,0x00000000006c0000)]
  0x000000001f280800 JavaThread "Cache worker for Java compile cache (C:\Users\Harsh\.gradle\caches\5.1.1\javaCompile)" [_thread_blocked, id=4312, stack(0x00000000229a0000,0x0000000022aa0000)]
  0x000000001bc75800 JavaThread "Cache worker for file content cache (C:\Users\Harsh\.gradle\caches\5.1.1\fileContent)" [_thread_blocked, id=2092, stack(0x0000000021ca0000,0x0000000021da0000)]
  0x000000001bc6b000 JavaThread "Memory manager" [_thread_blocked, id=6420, stack(0x00000000212a0000,0x00000000213a0000)]
  0x00000000187ad800 JavaThread "Cache worker for execution history cache (C:\Users\Harsh\.gradle\caches\5.1.1\executionHistory)" [_thread_blocked, id=1604, stack(0x00000000007e0000,0x00000000008e0000)]
  0x00000000183ef800 JavaThread "Cache worker for journal cache (C:\Users\Harsh\.gradle\caches\journal-1)" [_thread_blocked, id=5496, stack(0x000000001a660000,0x000000001a760000)]
  0x0000000018211000 JavaThread "File lock request listener" [_thread_in_native, id=4344, stack(0x000000001a560000,0x000000001a660000)]
  0x0000000018b63000 JavaThread "Cache worker for file hash cache (C:\Users\Harsh\.gradle\caches\5.1.1\fileHashes)" [_thread_blocked, id=856, stack(0x000000001a460000,0x000000001a560000)]
  0x000000001763f800 JavaThread "Daemon periodic checks" [_thread_blocked, id=3348, stack(0x0000000019a60000,0x0000000019b60000)]
  0x0000000017f55000 JavaThread "Incoming local TCP Connector on port 59384" [_thread_in_native, id=3080, stack(0x0000000019880000,0x0000000019980000)]
  0x0000000015c7c000 JavaThread "Service Thread" daemon [_thread_blocked, id=5860, stack(0x0000000017970000,0x0000000017a70000)]
  0x0000000015c23000 JavaThread "C1 CompilerThread2" daemon [_thread_blocked, id=4844, stack(0x0000000017470000,0x0000000017570000)]
=>0x0000000015c1c800 JavaThread "C2 CompilerThread1" daemon [_thread_in_native, id=6348, stack(0x0000000017370000,0x0000000017470000)]
  0x0000000015c27800 JavaThread "C2 CompilerThread0" daemon [_thread_in_native, id=2492, stack(0x0000000017270000,0x0000000017370000)]
  0x0000000015c26000 JavaThread "Attach Listener" daemon [_thread_blocked, id=1044, stack(0x0000000017170000,0x0000000017270000)]
  0x0000000015c24800 JavaThread "Signal Dispatcher" daemon [_thread_blocked, id=3404, stack(0x0000000017070000,0x0000000017170000)]
  0x00000000022ab800 JavaThread "Finalizer" daemon [_thread_blocked, id=1608, stack(0x0000000016e90000,0x0000000016f90000)]
  0x00000000022a1800 JavaThread "Reference Handler" daemon [_thread_blocked, id=5528, stack(0x0000000016d90000,0x0000000016e90000)]
  0x00000000021ad800 JavaThread "main" [_thread_blocked, id=4228, stack(0x0000000002030000,0x0000000002130000)]

Other Threads:
  0x0000000015be5800 VMThread [stack: 0x0000000016c90000,0x0000000016d90000] [id=7024]
  0x0000000015c7e000 WatcherThread [stack: 0x0000000017a70000,0x0000000017b70000] [id=4396]

VM state:not at safepoint (normal execution)

VM Mutex/Monitor currently owned by a thread: None

heap address: 0x00000000a0000000, size: 1536 MB, Compressed Oops mode: 32-bit
Narrow klass base: 0x0000000000000000, Narrow klass shift: 3
Compressed class space size: 1073741824 Address: 0x0000000100000000

Heap:
 PSYoungGen      total 156160K, used 117848K [0x00000000e0000000, 0x00000000ebc80000, 0x0000000100000000)
  eden space 127488K, 72% used [0x00000000e0000000,0x00000000e5a6e9c0,0x00000000e7c80000)
  from space 28672K, 88% used [0x00000000e9b80000,0x00000000eb427a28,0x00000000eb780000)
  to   space 31744K, 0% used [0x00000000e7c80000,0x00000000e7c80000,0x00000000e9b80000)
 ParOldGen       total 112640K, used 81682K [0x00000000a0000000, 0x00000000a6e00000, 0x00000000e0000000)
  object space 112640K, 72% used [0x00000000a0000000,0x00000000a4fc4a28,0x00000000a6e00000)
 Metaspace       used 93124K, capacity 97254K, committed 97428K, reserved 1134592K
  class space    used 11910K, capacity 12687K, committed 12732K, reserved 1048576K

Card table byte_map: [0x0000000011670000,0x0000000011980000] byte_map_base: 0x0000000011170000

Marking Bits: (ParMarkBitMap*) 0x0000000054189f30
 Begin Bits: [0x0000000011f80000, 0x0000000013780000)
 End Bits:   [0x0000000013780000, 0x0000000014f80000)

Polling page: 0x0000000000490000

CodeCache: size=245760Kb used=51431Kb max_used=52508Kb free=194329Kb
 bounds [0x00000000022b0000, 0x0000000005660000, 0x00000000112b0000]
 total_blobs=16207 nmethods=15314 adapters=805
 compilation: enabled

Compilation events (10 events):
Event: 3208.538 Thread 0x0000000015c27800 nmethod 19588 0x000000000450b3d0 code [0x000000000450b520, 0x000000000450b5a8]
Event: 3208.538 Thread 0x0000000015c27800 19590       4       com.sun.org.apache.xerces.internal.dom.CoreDocumentImpl::isKidOK (63 bytes)
Event: 3208.541 Thread 0x0000000015c27800 nmethod 19590 0x0000000003177090 code [0x00000000031771e0, 0x00000000031772d8]
Event: 3208.542 Thread 0x0000000015c27800 19579       4       com.sun.org.apache.xerces.internal.dom.NodeImpl::appendChild (7 bytes)
Event: 3208.543 Thread 0x0000000015c27800 nmethod 19579 0x00000000041e0450 code [0x00000000041e0580, 0x00000000041e05f8]
Event: 3208.543 Thread 0x0000000015c27800 19594       4       com.sun.org.apache.xerces.internal.dom.CharacterDataImpl::getNodeValue (16 bytes)
Event: 3208.559 Thread 0x0000000015c27800 nmethod 19594 0x0000000003182e10 code [0x0000000003182f80, 0x0000000003183288]
Event: 3208.559 Thread 0x0000000015c27800 19569       4       com.android.ide.common.blame.MergingLogPersistUtil$SourcePositionsSerializer::append (67 bytes)
Event: 3208.648 Thread 0x0000000015c27800 nmethod 19569 0x00000000033e9850 code [0x00000000033e9a60, 0x00000000033eb0f0]
Event: 3208.648 Thread 0x0000000015c27800 19595       4       com.sun.org.apache.xerces.internal.dom.AttrImpl::setValue (382 bytes)

GC Heap History (10 events):
Event: 3008.501 GC heap before
{Heap before GC invocations=46 (full 4):
 PSYoungGen      total 135168K, used 134771K [0x00000000e0000000, 0x00000000e9c80000, 0x0000000100000000)
  eden space 125440K, 100% used [0x00000000e0000000,0x00000000e7a80000,0x00000000e7a80000)
  from space 9728K, 95% used [0x00000000e7f00000,0x00000000e881cdd8,0x00000000e8880000)
  to   space 17408K, 0% used [0x00000000e8b80000,0x00000000e8b80000,0x00000000e9c80000)
 ParOldGen       total 112640K, used 58449K [0x00000000a0000000, 0x00000000a6e00000, 0x00000000e0000000)
  object space 112640K, 51% used [0x00000000a0000000,0x00000000a3914470,0x00000000a6e00000)
 Metaspace       used 91148K, capacity 95096K, committed 95252K, reserved 1132544K
  class space    used 11725K, capacity 12502K, committed 12604K, reserved 1048576K
Event: 3008.561 GC heap after
Heap after GC invocations=46 (full 4):
 PSYoungGen      total 135680K, used 12084K [0x00000000e0000000, 0x00000000e9980000, 0x0000000100000000)
  eden space 121344K, 0% used [0x00000000e0000000,0x00000000e0000000,0x00000000e7680000)
  from space 14336K, 84% used [0x00000000e8b80000,0x00000000e974d168,0x00000000e9980000)
  to   space 17920K, 0% used [0x00000000e7680000,0x00000000e7680000,0x00000000e8800000)
 ParOldGen       total 112640K, used 58457K [0x00000000a0000000, 0x00000000a6e00000, 0x00000000e0000000)
  object space 112640K, 51% used [0x00000000a0000000,0x00000000a3916470,0x00000000a6e00000)
 Metaspace       used 91148K, capacity 95096K, committed 95252K, reserved 1132544K
  class space    used 11725K, capacity 12502K, committed 12604K, reserved 1048576K
}
Event: 3017.775 GC heap before
{Heap before GC invocations=47 (full 4):
 PSYoungGen      total 135680K, used 133428K [0x00000000e0000000, 0x00000000e9980000, 0x0000000100000000)
  eden space 121344K, 100% used [0x00000000e0000000,0x00000000e7680000,0x00000000e7680000)
  from space 14336K, 84% used [0x00000000e8b80000,0x00000000e974d168,0x00000000e9980000)
  to   space 17920K, 0% used [0x00000000e7680000,0x00000000e7680000,0x00000000e8800000)
 ParOldGen       total 112640K, used 58457K [0x00000000a0000000, 0x00000000a6e00000, 0x00000000e0000000)
  object space 112640K, 51% used [0x00000000a0000000,0x00000000a3916470,0x00000000a6e00000)
 Metaspace       used 91643K, capacity 95644K, committed 95764K, reserved 1132544K
  class space    used 11753K, capacity 12508K, committed 12604K, reserved 1048576K
Event: 3017.849 GC heap after
Heap after GC invocations=47 (full 4):
 PSYoungGen      total 129024K, used 11602K [0x00000000e0000000, 0x00000000e9680000, 0x0000000100000000)
  eden space 117248K, 0% used [0x00000000e0000000,0x00000000e0000000,0x00000000e7280000)
  from space 11776K, 98% used [0x00000000e7680000,0x00000000e81d4840,0x00000000e8200000)
  to   space 18432K, 0% used [0x00000000e8480000,0x00000000e8480000,0x00000000e9680000)
 ParOldGen       total 112640K, used 58457K [0x00000000a0000000, 0x00000000a6e00000, 0x00000000e0000000)
  object space 112640K, 51% used [0x00000000a0000000,0x00000000a3916470,0x00000000a6e00000)
 Metaspace       used 91643K, capacity 95644K, committed 95764K, reserved 1132544K
  class space    used 11753K, capacity 12508K, committed 12604K, reserved 1048576K
}
Event: 3134.952 GC heap before
{Heap before GC invocations=48 (full 4):
 PSYoungGen      total 129024K, used 128850K [0x00000000e0000000, 0x00000000e9680000, 0x0000000100000000)
  eden space 117248K, 100% used [0x00000000e0000000,0x00000000e7280000,0x00000000e7280000)
  from space 11776K, 98% used [0x00000000e7680000,0x00000000e81d4840,0x00000000e8200000)
  to   space 18432K, 0% used [0x00000000e8480000,0x00000000e8480000,0x00000000e9680000)
 ParOldGen       total 112640K, used 58457K [0x00000000a0000000, 0x00000000a6e00000, 0x00000000e0000000)
  object space 112640K, 51% used [0x00000000a0000000,0x00000000a3916470,0x00000000a6e00000)
 Metaspace       used 91893K, capacity 96020K, committed 96276K, reserved 1132544K
  class space    used 11782K, capacity 12560K, committed 12604K, reserved 1048576K
Event: 3134.987 GC heap after
Heap after GC invocations=48 (full 4):
 PSYoungGen      total 126464K, used 7120K [0x00000000e0000000, 0x00000000e9100000, 0x0000000100000000)
  eden space 113664K, 0% used [0x00000000e0000000,0x00000000e0000000,0x00000000e6f00000)
  from space 12800K, 55% used [0x00000000e8480000,0x00000000e8b74040,0x00000000e9100000)
  to   space 17408K, 0% used [0x00000000e6f00000,0x00000000e6f00000,0x00000000e8000000)
 ParOldGen       total 112640K, used 58465K [0x00000000a0000000, 0x00000000a6e00000, 0x00000000e0000000)
  object space 112640K, 51% used [0x00000000a0000000,0x00000000a3918470,0x00000000a6e00000)
 Metaspace       used 91893K, capacity 96020K, committed 96276K, reserved 1132544K
  class space    used 11782K, capacity 12560K, committed 12604K, reserved 1048576K
}
Event: 3141.412 GC heap before
{Heap before GC invocations=49 (full 4):
 PSYoungGen      total 126464K, used 120021K [0x00000000e0000000, 0x00000000e9100000, 0x0000000100000000)
  eden space 113664K, 99% used [0x00000000e0000000,0x00000000e6e414f8,0x00000000e6f00000)
  from space 12800K, 55% used [0x00000000e8480000,0x00000000e8b74040,0x00000000e9100000)
  to   space 17408K, 0% used [0x00000000e6f00000,0x00000000e6f00000,0x00000000e8000000)
 ParOldGen       total 112640K, used 58465K [0x00000000a0000000, 0x00000000a6e00000, 0x00000000e0000000)
  object space 112640K, 51% used [0x00000000a0000000,0x00000000a3918470,0x00000000a6e00000)
 Metaspace       used 92809K, capacity 96906K, committed 97172K, reserved 1134592K
  class space    used 11878K, capacity 12661K, committed 12732K, reserved 1048576K
Event: 3141.712 GC heap after
Heap after GC invocations=49 (full 4):
 PSYoungGen      total 131072K, used 17384K [0x00000000e0000000, 0x00000000eb780000, 0x0000000100000000)
  eden space 113664K, 0% used [0x00000000e0000000,0x00000000e0000000,0x00000000e6f00000)
  from space 17408K, 99% used [0x00000000e6f00000,0x00000000e7ffa158,0x00000000e8000000)
  to   space 28672K, 0% used [0x00000000e9b80000,0x00000000e9b80000,0x00000000eb780000)
 ParOldGen       total 112640K, used 81610K [0x00000000a0000000, 0x00000000a6e00000, 0x00000000e0000000)
  object space 112640K, 72% used [0x00000000a0000000,0x00000000a4fb2a28,0x00000000a6e00000)
 Metaspace       used 92809K, capacity 96906K, committed 97172K, reserved 1134592K
  class space    used 11878K, capacity 12661K, committed 12732K, reserved 1048576K
}
Event: 3205.542 GC heap before
{Heap before GC invocations=50 (full 4):
 PSYoungGen      total 131072K, used 131048K [0x00000000e0000000, 0x00000000eb780000, 0x0000000100000000)
  eden space 113664K, 100% used [0x00000000e0000000,0x00000000e6f00000,0x00000000e6f00000)
  from space 17408K, 99% used [0x00000000e6f00000,0x00000000e7ffa158,0x00000000e8000000)
  to   space 28672K, 0% used [0x00000000e9b80000,0x00000000e9b80000,0x00000000eb780000)
 ParOldGen       total 112640K, used 81610K [0x00000000a0000000, 0x00000000a6e00000, 0x00000000e0000000)
  object space 112640K, 72% used [0x00000000a0000000,0x00000000a4fb2a28,0x00000000a6e00000)
 Metaspace       used 93086K, capacity 97254K, committed 97428K, reserved 1134592K
  class space    used 11909K, capacity 12687K, committed 12732K, reserved 1048576K
Event: 3205.727 GC heap after
Heap after GC invocations=50 (full 4):
 PSYoungGen      total 156160K, used 25246K [0x00000000e0000000, 0x00000000ebc80000, 0x0000000100000000)
  eden space 127488K, 0% used [0x00000000e0000000,0x00000000e0000000,0x00000000e7c80000)
  from space 28672K, 88% used [0x00000000e9b80000,0x00000000eb427a28,0x00000000eb780000)
  to   space 31744K, 0% used [0x00000000e7c80000,0x00000000e7c80000,0x00000000e9b80000)
 ParOldGen       total 112640K, used 81682K [0x00000000a0000000, 0x00000000a6e00000, 0x00000000e0000000)
  object space 112640K, 72% used [0x00000000a0000000,0x00000000a4fc4a28,0x00000000a6e00000)
 Metaspace       used 93086K, capacity 97254K, committed 97428K, reserved 1134592K
  class space    used 11909K, capacity 12687K, committed 12732K, reserved 1048576K
}

Deoptimization events (10 events):
Event: 3197.153 Thread 0x000000001f282800 Uncommon trap: reason=class_check action=maybe_recompile pc=0x0000000004f87e20 method=java.lang.reflect.Array.newInstance(Ljava/lang/Class;I)Ljava/lang/Object; @ 2
Event: 3205.197 Thread 0x00000000202ab800 Uncommon trap: reason=class_check action=maybe_recompile pc=0x0000000004ac740c method=sun.nio.ch.FileChannelImpl.implCloseChannel()V @ 109
Event: 3205.738 Thread 0x00000000202ab800 Uncommon trap: reason=unstable_if action=reinterpret pc=0x00000000054a381c method=com.sun.org.apache.xerces.internal.dom.DeferredAttrNSImpl.synchronizeData()V @ 36
Event: 3206.993 Thread 0x00000000202ab800 Uncommon trap: reason=unstable_if action=reinterpret pc=0x00000000055a98f4 method=com.android.ide.common.resources.MergedResourceWriter.addItem(Lcom/android/ide/common/resources/ResourceMergerItem;)V @ 49
Event: 3207.371 Thread 0x00000000202ab800 Uncommon trap: reason=null_check action=make_not_entrant pc=0x0000000005592f48 method=com.android.ide.common.resources.NodeUtils.processSingleNodeNamespace(Lorg/w3c/dom/Node;Lorg/w3c/dom/Document;)Z @ 8
Event: 3207.371 Thread 0x00000000202ab800 Uncommon trap: reason=null_check action=make_not_entrant pc=0x00000000055a44d0 method=com.android.ide.common.resources.NodeUtils.processSingleNodeNamespace(Lorg/w3c/dom/Node;Lorg/w3c/dom/Document;)Z @ 8
Event: 3208.618 Thread 0x00000000202ab800 Uncommon trap: reason=class_check action=maybe_recompile pc=0x00000000027d3400 method=java.lang.Throwable.<init>(Ljava/lang/String;Ljava/lang/Throwable;)V @ 24
Event: 3208.618 Thread 0x00000000202ab800 Uncommon trap: reason=class_check action=maybe_recompile pc=0x00000000027d3400 method=java.lang.Throwable.<init>(Ljava/lang/String;Ljava/lang/Throwable;)V @ 24
Event: 3208.623 Thread 0x00000000202ab800 Uncommon trap: reason=class_check action=maybe_recompile pc=0x00000000041f3bd0 method=java.util.Formatter$FixedString.print(Ljava/lang/Object;Ljava/util/Locale;)V @ 11
Event: 3208.623 Thread 0x00000000202ab800 Uncommon trap: reason=class_check action=maybe_recompile pc=0x00000000041f3bd0 method=java.util.Formatter$FixedString.print(Ljava/lang/Object;Ljava/util/Locale;)V @ 11

Classes redefined (0 events):
No events

Internal exceptions (10 events):
Event: 3198.787 Thread 0x000000001bc70000 Exception <a 'sun/nio/fs/WindowsException'> (0x00000000e1f9f578) thrown at [D:\src\AOSP-openjdk-cygwin\jdk8u\hotspot\src\share\vm\prims\jni.cpp, line 710]
Event: 3198.788 Thread 0x000000001bc70000 Exception <a 'sun/nio/fs/WindowsException'> (0x00000000e1fa16f0) thrown at [D:\src\AOSP-openjdk-cygwin\jdk8u\hotspot\src\share\vm\prims\jni.cpp, line 710]
Event: 3198.788 Thread 0x000000001bc70000 Exception <a 'sun/nio/fs/WindowsException'> (0x00000000e1fa2268) thrown at [D:\src\AOSP-openjdk-cygwin\jdk8u\hotspot\src\share\vm\prims\jni.cpp, line 710]
Event: 3198.841 Thread 0x000000001bc70000 Exception <a 'sun/nio/fs/WindowsException'> (0x00000000e1fa5f48) thrown at [D:\src\AOSP-openjdk-cygwin\jdk8u\hotspot\src\share\vm\prims\jni.cpp, line 710]
Event: 3198.841 Thread 0x000000001bc70000 Exception <a 'sun/nio/fs/WindowsException'> (0x00000000e1fa6a90) thrown at [D:\src\AOSP-openjdk-cygwin\jdk8u\hotspot\src\share\vm\prims\jni.cpp, line 710]
Event: 3198.841 Thread 0x000000001bc70000 Exception <a 'sun/nio/fs/WindowsException'> (0x00000000e1fa8bc0) thrown at [D:\src\AOSP-openjdk-cygwin\jdk8u\hotspot\src\share\vm\prims\jni.cpp, line 710]
Event: 3198.841 Thread 0x000000001bc70000 Exception <a 'sun/nio/fs/WindowsException'> (0x00000000e1fa9718) thrown at [D:\src\AOSP-openjdk-cygwin\jdk8u\hotspot\src\share\vm\prims\jni.cpp, line 710]
Event: 3207.371 Thread 0x00000000202ab800 Implicit null exception at 0x000000000558d83f to 0x0000000005592f2d
Event: 3207.371 Thread 0x00000000202ab800 Implicit null exception at 0x00000000055a321b to 0x00000000055a44c1
Event: 3208.618 Thread 0x00000000202ab800 Exception <a 'java/io/IOException'> (0x00000000e587a290) thrown at [D:\src\AOSP-openjdk-cygwin\jdk8u\hotspot\src\share\vm\prims\jni.cpp, line 710]

Events (10 events):
Event: 3208.620 Executing VM operation: RevokeBias done
Event: 3208.620 Thread 0x00000000202ac800 Thread exited: 0x00000000202ac800
Event: 3208.621 loading class com/android/ide/common/workers/WorkerExecutorException$Companion
Event: 3208.621 loading class com/android/ide/common/workers/WorkerExecutorException$Companion done
Event: 3208.623 Thread 0x00000000202ab800 Uncommon trap: trap_request=0xffffffde fr.pc=0x00000000041f3bd0
Event: 3208.623 Thread 0x00000000202ab800 DEOPT PACKING pc=0x00000000041f3bd0 sp=0x000000002239cb10
Event: 3208.623 Thread 0x00000000202ab800 DEOPT UNPACKING pc=0x00000000022f557b sp=0x000000002239ca98 mode 2
Event: 3208.623 Thread 0x00000000202ab800 Uncommon trap: trap_request=0xffffffde fr.pc=0x00000000041f3bd0
Event: 3208.623 Thread 0x00000000202ab800 DEOPT PACKING pc=0x00000000041f3bd0 sp=0x000000002239cb10
Event: 3208.623 Thread 0x00000000202ab800 DEOPT UNPACKING pc=0x00000000022f557b sp=0x000000002239ca98 mode 2


Dynamic libraries:
0x00007ff78c120000 - 0x00007ff78c151000 	C:\Program Files\Android\Android Studio\jre\bin\java.exe
0x00007ff9e0330000 - 0x00007ff9e04f1000 	C:\Windows\SYSTEM32\ntdll.dll
0x00007ff9e00e0000 - 0x00007ff9e018d000 	C:\Windows\system32\KERNEL32.DLL
0x00007ff9dd130000 - 0x00007ff9dd30d000 	C:\Windows\system32\KERNELBASE.dll
0x00007ff9ddaf0000 - 0x00007ff9ddb96000 	C:\Windows\system32\ADVAPI32.dll
0x00007ff9ddf50000 - 0x00007ff9ddfed000 	C:\Windows\system32\msvcrt.dll
0x00007ff9dfaa0000 - 0x00007ff9dfafb000 	C:\Windows\system32\sechost.dll
0x00007ff9dffb0000 - 0x00007ff9e00d6000 	C:\Windows\system32\RPCRT4.dll
0x00007ff9e01a0000 - 0x00007ff9e02ee000 	C:\Windows\system32\USER32.dll
0x00007ff9ddd50000 - 0x00007ff9dded6000 	C:\Windows\system32\GDI32.dll
0x00007ff9cba10000 - 0x00007ff9cbc84000 	C:\Windows\WinSxS\amd64_microsoft.windows.common-controls_6595b64144ccf1df_6.0.10240.16384_none_f41f7b285750ef43\COMCTL32.dll
0x00007ff9e02f0000 - 0x00007ff9e0326000 	C:\Windows\system32\IMM32.DLL
0x00007ff9df8d0000 - 0x00007ff9dfa2c000 	C:\Windows\system32\MSCTF.dll
0x0000000054570000 - 0x0000000054642000 	C:\Program Files\Android\Android Studio\jre\jre\bin\msvcr100.dll
0x00000000539c0000 - 0x0000000054206000 	C:\Program Files\Android\Android Studio\jre\jre\bin\server\jvm.dll
0x00007ff9ddae0000 - 0x00007ff9ddae8000 	C:\Windows\system32\PSAPI.DLL
0x00007ff9d6300000 - 0x00007ff9d6309000 	C:\Windows\SYSTEM32\WSOCK32.dll
0x00007ff9db2d0000 - 0x00007ff9db2f3000 	C:\Windows\SYSTEM32\WINMM.dll
0x00007ff9dad90000 - 0x00007ff9dadbc000 	C:\Windows\SYSTEM32\WINMMBASE.dll
0x00007ff9dcf10000 - 0x00007ff9dcf54000 	C:\Windows\system32\cfgmgr32.dll
0x00007ff9db630000 - 0x00007ff9db657000 	C:\Windows\SYSTEM32\DEVOBJ.dll
0x00007ff9d1f70000 - 0x00007ff9d1f7a000 	C:\Windows\SYSTEM32\VERSION.dll
0x00007ff9ddee0000 - 0x00007ff9ddf49000 	C:\Windows\system32\WS2_32.dll
0x00007ff9e0190000 - 0x00007ff9e0198000 	C:\Windows\system32\NSI.dll
0x00007ff9d58d0000 - 0x00007ff9d58df000 	C:\Program Files\Android\Android Studio\jre\jre\bin\verify.dll
0x00007ff9d58a0000 - 0x00007ff9d58c9000 	C:\Program Files\Android\Android Studio\jre\jre\bin\java.dll
0x00007ff9d57c0000 - 0x00007ff9d57d6000 	C:\Program Files\Android\Android Studio\jre\jre\bin\zip.dll
0x00007ff9de390000 - 0x00007ff9df8b2000 	C:\Windows\system32\SHELL32.dll
0x00007ff9dd310000 - 0x00007ff9dd939000 	C:\Windows\system32\windows.storage.dll
0x00007ff9de110000 - 0x00007ff9de38c000 	C:\Windows\system32\combase.dll
0x00007ff9dff30000 - 0x00007ff9dff81000 	C:\Windows\system32\shlwapi.dll
0x00007ff9dcda0000 - 0x00007ff9dcdaf000 	C:\Windows\system32\kernel.appcore.dll
0x00007ff9dd940000 - 0x00007ff9dd9f3000 	C:\Windows\system32\shcore.dll
0x00007ff9dcdb0000 - 0x00007ff9dcdfa000 	C:\Windows\system32\powrprof.dll
0x00007ff9dcd80000 - 0x00007ff9dcd93000 	C:\Windows\system32\profapi.dll
0x00007ff9d57a0000 - 0x00007ff9d57ba000 	C:\Program Files\Android\Android Studio\jre\jre\bin\net.dll
0x00007ff9dc570000 - 0x00007ff9dc5cd000 	C:\Windows\system32\mswsock.dll
0x00007ff9d5780000 - 0x00007ff9d5791000 	C:\Program Files\Android\Android Studio\jre\jre\bin\nio.dll
0x00007ff9c3b10000 - 0x00007ff9c3b2e000 	C:\Users\Harsh\.gradle\native\25\windows-amd64\native-platform.dll
0x00007ff9d5890000 - 0x00007ff9d589d000 	C:\Program Files\Android\Android Studio\jre\jre\bin\management.dll
0x00007ff9dc5d0000 - 0x00007ff9dc5e7000 	C:\Windows\SYSTEM32\CRYPTSP.dll
0x00007ff9dcca0000 - 0x00007ff9dccc8000 	C:\Windows\SYSTEM32\bcrypt.dll
0x00007ff9dc220000 - 0x00007ff9dc253000 	C:\Windows\system32\rsaenh.dll
0x00007ff9dc350000 - 0x00007ff9dc36f000 	C:\Windows\SYSTEM32\USERENV.dll
0x00007ff9dcb20000 - 0x00007ff9dcb8b000 	C:\Windows\system32\bcryptprimitives.dll
0x00007ff9dc740000 - 0x00007ff9dc74b000 	C:\Windows\SYSTEM32\CRYPTBASE.dll
0x00007ff9d9840000 - 0x00007ff9d9878000 	C:\Windows\SYSTEM32\IPHLPAPI.DLL
0x00007ff9d9e30000 - 0x00007ff9d9e3b000 	C:\Windows\SYSTEM32\WINNSI.DLL
0x00007ff9d7a10000 - 0x00007ff9d7a26000 	C:\Windows\SYSTEM32\dhcpcsvc6.DLL
0x00007ff9d9700000 - 0x00007ff9d971a000 	C:\Windows\SYSTEM32\dhcpcsvc.DLL
0x00007ff9c5860000 - 0x00007ff9c5884000 	C:\Program Files\Android\Android Studio\jre\jre\bin\sunec.dll
0x00007ff9dc370000 - 0x00007ff9dc418000 	C:\Windows\SYSTEM32\DNSAPI.dll
0x00007ff9d2970000 - 0x00007ff9d297a000 	C:\Windows\System32\rasadhlp.dll
0x00007ff9d7d50000 - 0x00007ff9d7db8000 	C:\Windows\System32\fwpuclnt.dll
0x00007ff9d72e0000 - 0x00007ff9d72eb000 	C:\Program Files\Android\Android Studio\jre\jre\bin\sunmscapi.dll
0x00007ff9dcf60000 - 0x00007ff9dd121000 	C:\Windows\system32\CRYPT32.dll
0x00007ff9dcd60000 - 0x00007ff9dcd71000 	C:\Windows\system32\MSASN1.dll

VM Arguments:
jvm_args: -Xmx1536m -Dfile.encoding=windows-1252 -Duser.country=IN -Duser.language=en -Duser.variant 
java_command: org.gradle.launcher.daemon.bootstrap.GradleDaemon 5.1.1
java_class_path (initial): C:\Users\Harsh\.gradle\wrapper\dists\gradle-5.1.1-all\97z1ksx6lirer3kbvdnh7jtjg\gradle-5.1.1\lib\gradle-launcher-5.1.1.jar
Launcher Type: SUN_STANDARD

Environment Variables:
PATH=C:\Windows\system32;C:\Windows;C:\Windows\System32\Wbem;C:\Windows\System32\WindowsPowerShell\v1.0\
USERNAME=Harsh
OS=Windows_NT
PROCESSOR_IDENTIFIER=Intel64 Family 6 Model 61 Stepping 4, GenuineIntel



---------------  S Y S T E M  ---------------

OS: Windows 10.0 , 64 bit Build 10240 (10.0.10240.16384)

CPU:total 4 (initial active 4) (2 cores per cpu, 2 threads per core) family 6 model 61 stepping 4, cmov, cx8, fxsr, mmx, sse, sse2, sse3, ssse3, sse4.1, sse4.2, popcnt, avx, avx2, aes, clmul, erms, 3dnowpref, lzcnt, ht, tsc, tscinvbit, bmi1, bmi2, adx

Memory: 4k page, physical 8306864k(99100k free), swap 33472688k(6224k free)

vm_info: OpenJDK 64-Bit Server VM (25.202-b03) for windows-amd64 JRE (1.8.0_202-release-1483-b03), built by "builder" with MS VC++ 10.0 (VS2010)

time: Sat Feb 29 13:28:24 2020
timezone: India Standard Time
elapsed time: 3208 seconds (0d 0h 53m 28s)

