#
# There is insufficient memory for the Java Runtime Environment to continue.
# Native memory allocation (malloc) failed to allocate 1575296 bytes for Chunk::new
# Possible reasons:
#   The system is out of physical RAM or swap space
#   The process is running with CompressedOops enabled, and the Java Heap may be blocking the growth of the native heap
# Possible solutions:
#   Reduce memory load on the system
#   Increase physical memory or swap space
#   Check if swap backing store is full
#   Decrease Java heap size (-Xmx/-Xms)
#   Decrease number of Java threads
#   Decrease Java thread stack sizes (-Xss)
#   Set larger code cache with -XX:ReservedCodeCacheSize=
#   JVM is running with Unscaled Compressed Oops mode in which the Java heap is
#     placed in the first 4GB address space. The Java Heap base address is the
#     maximum limit for the native heap growth. Please use -XX:HeapBaseMinAddress
#     to set the Java Heap base and to place the Java Heap above 4GB virtual address.
# This output file may be truncated or incomplete.
#
#  Out of Memory Error (allocation.cpp:389), pid=5456, tid=0x00000000000016d8
#
# JRE version: OpenJDK Runtime Environment (8.0_202-b03) (build 1.8.0_202-release-1483-b03)
# Java VM: OpenJDK 64-Bit Server VM (25.202-b03 mixed mode windows-amd64 compressed oops)
# Failed to write core dump. Minidumps are not enabled by default on client versions of Windows
#

---------------  T H R E A D  ---------------

Current thread (0x0000000015c3c800):  JavaThread "C2 CompilerThread1" daemon [_thread_in_native, id=5848, stack(0x0000000017380000,0x0000000017480000)]

Stack: [0x0000000017380000,0x0000000017480000]
[error occurred during error reporting (printing stack bounds), id 0xc0000005]

Native frames: (J=compiled Java code, j=interpreted, Vv=VM code, C=native code)


Current CompileTask:
C2:  64409 5059       4       java.net.URLClassLoader$1::run (5 bytes)


---------------  P R O C E S S  ---------------

Java Threads: ( => current thread )
  0x000000001b2da000 JavaThread "Cache worker for Build Output Cleanup Cache (C:\Users\Harsh\AndroidStudioProjects\IndiasForestMatrix4\.gradle\buildOutputCleanup)" [_thread_blocked, id=4460, stack(0x00000000218e0000,0x00000000219e0000)]
  0x000000001b2df000 JavaThread "Build operations Thread 4" [_thread_blocked, id=3428, stack(0x00000000211e0000,0x00000000212e0000)]
  0x000000001b2d9000 JavaThread "Build operations Thread 3" [_thread_blocked, id=4380, stack(0x00000000210e0000,0x00000000211e0000)]
  0x000000001b2de800 JavaThread "Build operations Thread 2" [_thread_blocked, id=4760, stack(0x0000000020fe0000,0x00000000210e0000)]
  0x000000001b2da800 JavaThread "Build operations" [_thread_blocked, id=2888, stack(0x0000000020ee0000,0x0000000020fe0000)]
  0x0000000019133000 JavaThread "Cache worker for execution history cache (C:\Users\Harsh\.gradle\caches\5.1.1\executionHistory)" [_thread_blocked, id=3116, stack(0x0000000020be0000,0x0000000020ce0000)]
  0x0000000019137000 JavaThread "Cache worker for cache directory md-rule (C:\Users\Harsh\.gradle\caches\5.1.1\md-rule)" [_thread_blocked, id=7008, stack(0x0000000020800000,0x0000000020900000)]
  0x000000001913a000 JavaThread "Cache worker for cache directory md-supplier (C:\Users\Harsh\.gradle\caches\5.1.1\md-supplier)" [_thread_blocked, id=1928, stack(0x0000000020700000,0x0000000020800000)]
  0x0000000019136000 JavaThread "Cache worker for file hash cache (C:\Users\Harsh\AndroidStudioProjects\IndiasForestMatrix4\.gradle\5.1.1\fileHashes)" [_thread_blocked, id=5960, stack(0x000000001c910000,0x000000001ca10000)]
  0x0000000019134800 JavaThread "Cache worker for journal cache (C:\Users\Harsh\.gradle\caches\journal-1)" [_thread_blocked, id=212, stack(0x000000001a670000,0x000000001a770000)]
  0x00000000181bc800 JavaThread "File lock request listener" [_thread_in_native, id=4220, stack(0x000000001a570000,0x000000001a670000)]
  0x0000000017e30800 JavaThread "Cache worker for file hash cache (C:\Users\Harsh\.gradle\caches\5.1.1\fileHashes)" [_thread_blocked, id=5244, stack(0x000000001a470000,0x000000001a570000)]
  0x000000001786c800 JavaThread "Thread-8" [_thread_blocked, id=4624, stack(0x000000001a370000,0x000000001a470000)]
  0x000000001786a800 JavaThread "Stdin handler" [_thread_blocked, id=6844, stack(0x000000001a270000,0x000000001a370000)]
  0x000000001786a000 JavaThread "Asynchronous log dispatcher for DefaultDaemonConnection: socket connection from /127.0.0.1:59724 to /127.0.0.1:59725" [_thread_blocked, id=1516, stack(0x000000001a170000,0x000000001a270000)]
  0x000000001760c800 JavaThread "Daemon worker" [_thread_in_Java, id=112, stack(0x000000001a070000,0x000000001a170000)]
  0x0000000017604800 JavaThread "Cancel handler" [_thread_blocked, id=928, stack(0x0000000019f70000,0x000000001a070000)]
  0x0000000018296800 JavaThread "Handler for socket connection from /127.0.0.1:59724 to /127.0.0.1:59725" [_thread_in_native, id=3164, stack(0x0000000019c70000,0x0000000019d70000)]
  0x0000000018294800 JavaThread "Daemon" [_thread_blocked, id=5548, stack(0x0000000019b70000,0x0000000019c70000)]
  0x0000000017c66800 JavaThread "Daemon periodic checks" [_thread_blocked, id=6200, stack(0x0000000019a70000,0x0000000019b70000)]
  0x0000000017c4c000 JavaThread "Incoming local TCP Connector on port 59724" [_thread_in_native, id=5952, stack(0x0000000019890000,0x0000000019990000)]
  0x0000000015c9e800 JavaThread "Service Thread" daemon [_thread_blocked, id=4444, stack(0x0000000017980000,0x0000000017a80000)]
  0x0000000015c43000 JavaThread "C1 CompilerThread2" daemon [_thread_in_vm, id=4168, stack(0x0000000017480000,0x0000000017580000)]
=>0x0000000015c3c800 JavaThread "C2 CompilerThread1" daemon [_thread_in_native, id=5848, stack(0x0000000017380000,0x0000000017480000)]
  0x0000000015c47800 JavaThread "C2 CompilerThread0" daemon [_thread_in_native, id=6772, stack(0x0000000017280000,0x0000000017380000)]
  0x0000000015c46000 JavaThread "Attach Listener" daemon [_thread_blocked, id=2772, stack(0x0000000017180000,0x0000000017280000)]
  0x0000000015c44800 JavaThread "Signal Dispatcher" daemon [_thread_blocked, id=4828, stack(0x0000000017080000,0x0000000017180000)]
  0x00000000022c6000 JavaThread "Finalizer" daemon [_thread_blocked, id=1260, stack(0x0000000016ea0000,0x0000000016fa0000)]
  0x00000000022c1800 JavaThread "Reference Handler" daemon [_thread_blocked, id=2340, stack(0x0000000016da0000,0x0000000016ea0000)]
  0x00000000020cd800 JavaThread "main" [_thread_blocked, id=960, stack(0x00000000020d0000,0x00000000021d0000)]

Other Threads:
  0x0000000015c05800 VMThread [stack: 0x0000000016ca0000,0x0000000016da0000] [id=3648]
  0x000000001759f800 WatcherThread [stack: 0x0000000017a80000,0x0000000017b80000] [id=4712]

VM state:not at safepoint (normal execution)

VM Mutex/Monitor currently owned by a thread: None

heap address: 0x00000000a0000000, size: 1536 MB, Compressed Oops mode: 32-bit
Narrow klass base: 0x0000000000000000, Narrow klass shift: 3
Compressed class space size: 1073741824 Address: 0x0000000100000000

Heap:
 PSYoungGen      total 172032K, used 149130K [0x00000000e0000000, 0x00000000ebe80000, 0x0000000100000000)
  eden space 159744K, 85% used [0x00000000e0000000,0x00000000e85aa640,0x00000000e9c00000)
  from space 12288K, 99% used [0x00000000eb280000,0x00000000ebe78558,0x00000000ebe80000)
  to   space 14336K, 0% used [0x00000000ea280000,0x00000000ea280000,0x00000000eb080000)
 ParOldGen       total 75776K, used 20319K [0x00000000a0000000, 0x00000000a4a00000, 0x00000000e0000000)
  object space 75776K, 26% used [0x00000000a0000000,0x00000000a13d7f90,0x00000000a4a00000)
 Metaspace       used 54492K, capacity 55734K, committed 56024K, reserved 1097728K
  class space    used 7275K, capacity 7606K, committed 7680K, reserved 1048576K

Card table byte_map: [0x0000000011690000,0x00000000119a0000] byte_map_base: 0x0000000011190000

Marking Bits: (ParMarkBitMap*) 0x00000000545c9f30
 Begin Bits: [0x0000000011fa0000, 0x00000000137a0000)
 End Bits:   [0x00000000137a0000, 0x0000000014fa0000)

Polling page: 0x0000000000460000

CodeCache: size=245760Kb used=16740Kb max_used=16740Kb free=229019Kb
 bounds [0x00000000022d0000, 0x0000000003340000, 0x00000000112d0000]
 total_blobs=5629 nmethods=4847 adapters=695
 compilation: enabled

Compilation events (10 events):
Event: 64.373 Thread 0x0000000015c43000 5157       3       kotlin.reflect.jvm.internal.impl.protobuf.CodedInputStream::readBytes (101 bytes)
Event: 64.376 Thread 0x0000000015c43000 nmethod 5157 0x000000000332a190 code [0x000000000332a380, 0x000000000332ad38]
Event: 64.376 Thread 0x0000000015c43000 5158       3       kotlin.reflect.jvm.internal.impl.protobuf.LazyStringArrayList::add (22 bytes)
Event: 64.377 Thread 0x0000000015c43000 nmethod 5158 0x000000000332b150 code [0x000000000332b2c0, 0x000000000332b4e8]
Event: 64.384 Thread 0x0000000015c43000 5159       3       kotlin.reflect.jvm.internal.impl.metadata.ProtoBuf$Type::initFields (79 bytes)
Event: 64.385 Thread 0x0000000015c43000 nmethod 5159 0x000000000332b5d0 code [0x000000000332b760, 0x000000000332bad0]
Event: 64.391 Thread 0x0000000015c43000 5160       3       kotlin.reflect.jvm.internal.impl.metadata.ProtoBuf$Type$1::parsePartialFrom (7 bytes)
Event: 64.392 Thread 0x0000000015c43000 nmethod 5160 0x000000000332bbd0 code [0x000000000332bd40, 0x000000000332c068]
Event: 64.393 Thread 0x0000000015c43000 5161       3       kotlin.reflect.jvm.internal.impl.protobuf.CodedInputStream::getBytesUntilLimit (28 bytes)
Event: 64.393 Thread 0x0000000015c43000 nmethod 5161 0x000000000332c1d0 code [0x000000000332c320, 0x000000000332c4d0]

GC Heap History (10 events):
Event: 25.347 GC heap before
{Heap before GC invocations=8 (full 1):
 PSYoungGen      total 76288K, used 66560K [0x00000000e0000000, 0x00000000e5500000, 0x0000000100000000)
  eden space 66560K, 100% used [0x00000000e0000000,0x00000000e4100000,0x00000000e4100000)
  from space 9728K, 0% used [0x00000000e4b80000,0x00000000e4b80000,0x00000000e5500000)
  to   space 10240K, 0% used [0x00000000e4100000,0x00000000e4100000,0x00000000e4b00000)
 ParOldGen       total 51200K, used 7345K [0x00000000a0000000, 0x00000000a3200000, 0x00000000e0000000)
  object space 51200K, 14% used [0x00000000a0000000,0x00000000a072c410,0x00000000a3200000)
 Metaspace       used 28471K, capacity 28894K, committed 29184K, reserved 1075200K
  class space    used 3817K, capacity 3983K, committed 4096K, reserved 1048576K
Event: 25.397 GC heap after
Heap after GC invocations=8 (full 1):
 PSYoungGen      total 76800K, used 7783K [0x00000000e0000000, 0x00000000e8b00000, 0x0000000100000000)
  eden space 66560K, 0% used [0x00000000e0000000,0x00000000e0000000,0x00000000e4100000)
  from space 10240K, 76% used [0x00000000e4100000,0x00000000e4899ca8,0x00000000e4b00000)
  to   space 10752K, 0% used [0x00000000e8080000,0x00000000e8080000,0x00000000e8b00000)
 ParOldGen       total 51200K, used 7345K [0x00000000a0000000, 0x00000000a3200000, 0x00000000e0000000)
  object space 51200K, 14% used [0x00000000a0000000,0x00000000a072c410,0x00000000a3200000)
 Metaspace       used 28471K, capacity 28894K, committed 29184K, reserved 1075200K
  class space    used 3817K, capacity 3983K, committed 4096K, reserved 1048576K
}
Event: 30.081 GC heap before
{Heap before GC invocations=9 (full 1):
 PSYoungGen      total 76800K, used 74343K [0x00000000e0000000, 0x00000000e8b00000, 0x0000000100000000)
  eden space 66560K, 100% used [0x00000000e0000000,0x00000000e4100000,0x00000000e4100000)
  from space 10240K, 76% used [0x00000000e4100000,0x00000000e4899ca8,0x00000000e4b00000)
  to   space 10752K, 0% used [0x00000000e8080000,0x00000000e8080000,0x00000000e8b00000)
 ParOldGen       total 51200K, used 7345K [0x00000000a0000000, 0x00000000a3200000, 0x00000000e0000000)
  object space 51200K, 14% used [0x00000000a0000000,0x00000000a072c410,0x00000000a3200000)
 Metaspace       used 31883K, capacity 32272K, committed 32768K, reserved 1077248K
  class space    used 4383K, capacity 4531K, committed 4608K, reserved 1048576K
Event: 30.119 GC heap after
Heap after GC invocations=9 (full 1):
 PSYoungGen      total 126976K, used 8499K [0x00000000e0000000, 0x00000000e8900000, 0x0000000100000000)
  eden space 118272K, 0% used [0x00000000e0000000,0x00000000e0000000,0x00000000e7380000)
  from space 8704K, 97% used [0x00000000e8080000,0x00000000e88cce18,0x00000000e8900000)
  to   space 10752K, 0% used [0x00000000e7400000,0x00000000e7400000,0x00000000e7e80000)
 ParOldGen       total 51200K, used 7353K [0x00000000a0000000, 0x00000000a3200000, 0x00000000e0000000)
  object space 51200K, 14% used [0x00000000a0000000,0x00000000a072e410,0x00000000a3200000)
 Metaspace       used 31883K, capacity 32272K, committed 32768K, reserved 1077248K
  class space    used 4383K, capacity 4531K, committed 4608K, reserved 1048576K
}
Event: 40.069 GC heap before
{Heap before GC invocations=10 (full 1):
 PSYoungGen      total 126976K, used 57753K [0x00000000e0000000, 0x00000000e8900000, 0x0000000100000000)
  eden space 118272K, 41% used [0x00000000e0000000,0x00000000e3019648,0x00000000e7380000)
  from space 8704K, 97% used [0x00000000e8080000,0x00000000e88cce18,0x00000000e8900000)
  to   space 10752K, 0% used [0x00000000e7400000,0x00000000e7400000,0x00000000e7e80000)
 ParOldGen       total 51200K, used 7353K [0x00000000a0000000, 0x00000000a3200000, 0x00000000e0000000)
  object space 51200K, 14% used [0x00000000a0000000,0x00000000a072e410,0x00000000a3200000)
 Metaspace       used 34707K, capacity 35250K, committed 35416K, reserved 1079296K
  class space    used 4785K, capacity 4974K, committed 4992K, reserved 1048576K
Event: 40.125 GC heap after
Heap after GC invocations=10 (full 1):
 PSYoungGen      total 129536K, used 10749K [0x00000000e0000000, 0x00000000ebe80000, 0x0000000100000000)
  eden space 118784K, 0% used [0x00000000e0000000,0x00000000e0000000,0x00000000e7400000)
  from space 10752K, 99% used [0x00000000e7400000,0x00000000e7e7f758,0x00000000e7e80000)
  to   space 12288K, 0% used [0x00000000eb280000,0x00000000eb280000,0x00000000ebe80000)
 ParOldGen       total 51200K, used 7361K [0x00000000a0000000, 0x00000000a3200000, 0x00000000e0000000)
  object space 51200K, 14% used [0x00000000a0000000,0x00000000a0730410,0x00000000a3200000)
 Metaspace       used 34707K, capacity 35250K, committed 35416K, reserved 1079296K
  class space    used 4785K, capacity 4974K, committed 4992K, reserved 1048576K
}
Event: 40.125 GC heap before
{Heap before GC invocations=11 (full 2):
 PSYoungGen      total 129536K, used 10749K [0x00000000e0000000, 0x00000000ebe80000, 0x0000000100000000)
  eden space 118784K, 0% used [0x00000000e0000000,0x00000000e0000000,0x00000000e7400000)
  from space 10752K, 99% used [0x00000000e7400000,0x00000000e7e7f758,0x00000000e7e80000)
  to   space 12288K, 0% used [0x00000000eb280000,0x00000000eb280000,0x00000000ebe80000)
 ParOldGen       total 51200K, used 7361K [0x00000000a0000000, 0x00000000a3200000, 0x00000000e0000000)
  object space 51200K, 14% used [0x00000000a0000000,0x00000000a0730410,0x00000000a3200000)
 Metaspace       used 34707K, capacity 35250K, committed 35416K, reserved 1079296K
  class space    used 4785K, capacity 4974K, committed 4992K, reserved 1048576K
Event: 40.553 GC heap after
Heap after GC invocations=11 (full 2):
 PSYoungGen      total 129536K, used 0K [0x00000000e0000000, 0x00000000ebe80000, 0x0000000100000000)
  eden space 118784K, 0% used [0x00000000e0000000,0x00000000e0000000,0x00000000e7400000)
  from space 10752K, 0% used [0x00000000e7400000,0x00000000e7400000,0x00000000e7e80000)
  to   space 12288K, 0% used [0x00000000eb280000,0x00000000eb280000,0x00000000ebe80000)
 ParOldGen       total 75776K, used 17342K [0x00000000a0000000, 0x00000000a4a00000, 0x00000000e0000000)
  object space 75776K, 22% used [0x00000000a0000000,0x00000000a10ef870,0x00000000a4a00000)
 Metaspace       used 34700K, capacity 35226K, committed 35416K, reserved 1079296K
  class space    used 4782K, capacity 4970K, committed 4992K, reserved 1048576K
}
Event: 53.472 GC heap before
{Heap before GC invocations=12 (full 2):
 PSYoungGen      total 129536K, used 118784K [0x00000000e0000000, 0x00000000ebe80000, 0x0000000100000000)
  eden space 118784K, 100% used [0x00000000e0000000,0x00000000e7400000,0x00000000e7400000)
  from space 10752K, 0% used [0x00000000e7400000,0x00000000e7400000,0x00000000e7e80000)
  to   space 12288K, 0% used [0x00000000eb280000,0x00000000eb280000,0x00000000ebe80000)
 ParOldGen       total 75776K, used 17342K [0x00000000a0000000, 0x00000000a4a00000, 0x00000000e0000000)
  object space 75776K, 22% used [0x00000000a0000000,0x00000000a10ef870,0x00000000a4a00000)
 Metaspace       used 45835K, capacity 46728K, committed 47192K, reserved 1089536K
  class space    used 6176K, capacity 6453K, committed 6528K, reserved 1048576K
Event: 53.520 GC heap after
Heap after GC invocations=12 (full 2):
 PSYoungGen      total 172032K, used 12257K [0x00000000e0000000, 0x00000000ebe80000, 0x0000000100000000)
  eden space 159744K, 0% used [0x00000000e0000000,0x00000000e0000000,0x00000000e9c00000)
  from space 12288K, 99% used [0x00000000eb280000,0x00000000ebe78558,0x00000000ebe80000)
  to   space 14336K, 0% used [0x00000000ea280000,0x00000000ea280000,0x00000000eb080000)
 ParOldGen       total 75776K, used 20319K [0x00000000a0000000, 0x00000000a4a00000, 0x00000000e0000000)
  object space 75776K, 26% used [0x00000000a0000000,0x00000000a13d7f90,0x00000000a4a00000)
 Metaspace       used 45835K, capacity 46728K, committed 47192K, reserved 1089536K
  class space    used 6176K, capacity 6453K, committed 6528K, reserved 1048576K
}

Deoptimization events (10 events):
Event: 45.231 Thread 0x000000001760c800 Uncommon trap: reason=unstable_if action=reinterpret pc=0x000000000245d43c method=java.security.CodeSource.matchCerts(Ljava/security/CodeSource;Z)Z @ 11
Event: 45.423 Thread 0x000000001760c800 Uncommon trap: reason=unstable_if action=reinterpret pc=0x0000000002b370a8 method=org.objectweb.asm.ByteVector.putUTF8(Ljava/lang/String;)Lorg/objectweb/asm/ByteVector; @ 93
Event: 51.333 Thread 0x000000001760c800 Uncommon trap: reason=unstable_if action=reinterpret pc=0x00000000025348fc method=java.lang.String$CaseInsensitiveComparator.compare(Ljava/lang/String;Ljava/lang/String;)I @ 70
Event: 55.000 Thread 0x000000001760c800 Uncommon trap: reason=unstable_if action=reinterpret pc=0x00000000028aa6d8 method=sun.misc.MetaIndex.mayContain(Ljava/lang/String;)Z @ 38
Event: 55.292 Thread 0x000000001760c800 Uncommon trap: reason=unstable_if action=reinterpret pc=0x0000000002816ae8 method=java.io.DataInputStream.readUTF(Ljava/io/DataInput;)Ljava/lang/String; @ 31
Event: 55.975 Thread 0x000000001760c800 Uncommon trap: reason=unstable_if action=reinterpret pc=0x00000000028130ac method=java.util.WeakHashMap.remove(Ljava/lang/Object;)Ljava/lang/Object; @ 94
Event: 56.037 Thread 0x000000001760c800 Uncommon trap: reason=unstable_if action=reinterpret pc=0x00000000026c6f68 method=java.util.regex.Pattern$BmpCharProperty.match(Ljava/util/regex/Matcher;ILjava/lang/CharSequence;)Z @ 34
Event: 60.072 Thread 0x000000001760c800 Uncommon trap: reason=unstable_if action=reinterpret pc=0x00000000030417b4 method=com.sun.org.apache.xerces.internal.impl.XMLEntityScanner.checkBeforeLoad(Lcom/sun/xml/internal/stream/Entity$ScannedEntity;II)I @ 18
Event: 63.399 Thread 0x000000001760c800 Uncommon trap: reason=unstable_if action=reinterpret pc=0x000000000283a1a4 method=java.lang.String.lastIndexOf([CII[CIII)I @ 17
Event: 64.053 Thread 0x000000001760c800 Uncommon trap: reason=unstable_if action=reinterpret pc=0x0000000002dd288c method=java.util.concurrent.ConcurrentHashMap.putVal(Ljava/lang/Object;Ljava/lang/Object;Z)Ljava/lang/Object; @ 195

Classes redefined (0 events):
No events

Internal exceptions (10 events):
Event: 59.937 Thread 0x000000001760c800 Exception <a 'sun/nio/fs/WindowsException'> (0x00000000e5a637d8) thrown at [D:\src\AOSP-openjdk-cygwin\jdk8u\hotspot\src\share\vm\prims\jni.cpp, line 710]
Event: 60.361 Thread 0x000000001760c800 Exception <a 'java/lang/NoSuchMethodError': java.lang.Object.lambda$comparing$77a9974f$1(Ljava/util/function/Function;Ljava/lang/Object;Ljava/lang/Object;)I> (0x00000000e5c16660) thrown at [D:\src\AOSP-openjdk-cygwin\jdk8u\hotspot\src\share\vm\interpreter
Event: 60.370 Thread 0x000000001760c800 Exception <a 'java/lang/NoSuchMethodError': java.lang.Object.lambda$thenComparing$36697e65$1(Ljava/util/Comparator;Ljava/lang/Object;Ljava/lang/Object;)I> (0x00000000e5c21ed0) thrown at [D:\src\AOSP-openjdk-cygwin\jdk8u\hotspot\src\share\vm\interpreter\li
Event: 60.476 Thread 0x000000001760c800 Exception <a 'java/lang/NoSuchMethodError': java.lang.Object.lambda$maxBy$1(Ljava/util/Comparator;Ljava/lang/Object;Ljava/lang/Object;)Ljava/lang/Object;> (0x00000000e5ccfa78) thrown at [D:\src\AOSP-openjdk-cygwin\jdk8u\hotspot\src\share\vm\interpreter\li
Event: 62.688 Thread 0x000000001760c800 Exception <a 'java/lang/ClassNotFoundException': org/gradle/api/plugins/internal/DefaultBasePluginConventionBeanInfo> (0x00000000e66d0298) thrown at [D:\src\AOSP-openjdk-cygwin\jdk8u\hotspot\src\share\vm\classfile\systemDictionary.cpp, line 210]
Event: 62.689 Thread 0x000000001760c800 Exception <a 'java/lang/ClassNotFoundException': org/gradle/api/plugins/BasePluginConventionBeanInfo> (0x00000000e66f76e0) thrown at [D:\src\AOSP-openjdk-cygwin\jdk8u\hotspot\src\share\vm\classfile\systemDictionary.cpp, line 210]
Event: 62.693 Thread 0x000000001760c800 Exception <a 'java/lang/ClassNotFoundException': org/gradle/api/plugins/BasePluginConventionCustomizer> (0x00000000e67370a8) thrown at [D:\src\AOSP-openjdk-cygwin\jdk8u\hotspot\src\share\vm\classfile\systemDictionary.cpp, line 210]
Event: 62.696 Thread 0x000000001760c800 Exception <a 'java/lang/ClassNotFoundException': org/gradle/api/plugins/internal/DefaultBasePluginConventionCustomizer> (0x00000000e6778810) thrown at [D:\src\AOSP-openjdk-cygwin\jdk8u\hotspot\src\share\vm\classfile\systemDictionary.cpp, line 210]
Event: 62.722 Thread 0x000000001760c800 Exception <a 'java/lang/NoSuchMethodError': java.lang.Object.lambda$comparingInt$7b0bb60$1(Ljava/util/function/ToIntFunction;Ljava/lang/Object;Ljava/lang/Object;)I> (0x00000000e67eec58) thrown at [D:\src\AOSP-openjdk-cygwin\jdk8u\hotspot\src\share\vm\inte
Event: 62.725 Thread 0x000000001760c800 Exception <a 'java/lang/NoSuchMethodError': java.lang.Object.lambda$comparing$ea9a8b3a$1(Ljava/util/Comparator;Ljava/util/function/Function;Ljava/lang/Object;Ljava/lang/Object;)I> (0x00000000e67f8ff0) thrown at [D:\src\AOSP-openjdk-cygwin\jdk8u\hotspot\sr

Events (10 events):
Event: 64.359 loading class kotlin/reflect/jvm/internal/impl/serialization/deserialization/DeserializedPackageFragmentImpl$classDataFinder$1
Event: 64.360 loading class kotlin/reflect/jvm/internal/impl/serialization/deserialization/DeserializedPackageFragmentImpl$classDataFinder$1 done
Event: 64.361 loading class kotlin/reflect/jvm/internal/impl/serialization/deserialization/NameResolverUtilKt
Event: 64.361 loading class kotlin/reflect/jvm/internal/impl/serialization/deserialization/NameResolverUtilKt done
Event: 64.363 loading class kotlin/reflect/jvm/internal/impl/protobuf/Utf8
Event: 64.363 loading class kotlin/reflect/jvm/internal/impl/protobuf/Utf8 done
Event: 64.364 loading class kotlin/reflect/jvm/internal/impl/metadata/deserialization/NameResolverImpl$WhenMappings
Event: 64.364 loading class kotlin/reflect/jvm/internal/impl/metadata/deserialization/NameResolverImpl$WhenMappings done
Event: 64.366 loading class kotlin/Triple
Event: 64.366 loading class kotlin/Triple done


Dynamic libraries:
0x00007ff725f00000 - 0x00007ff725f31000 	C:\Program Files\Android\Android Studio\jre\bin\java.exe
0x00007ff9e0330000 - 0x00007ff9e04f1000 	C:\Windows\SYSTEM32\ntdll.dll
0x00007ff9e00e0000 - 0x00007ff9e018d000 	C:\Windows\system32\KERNEL32.DLL
0x00007ff9dd130000 - 0x00007ff9dd30d000 	C:\Windows\system32\KERNELBASE.dll
0x00007ff9ddaf0000 - 0x00007ff9ddb96000 	C:\Windows\system32\ADVAPI32.dll
0x00007ff9ddf50000 - 0x00007ff9ddfed000 	C:\Windows\system32\msvcrt.dll
0x00007ff9dfaa0000 - 0x00007ff9dfafb000 	C:\Windows\system32\sechost.dll
0x00007ff9dffb0000 - 0x00007ff9e00d6000 	C:\Windows\system32\RPCRT4.dll
0x00007ff9e01a0000 - 0x00007ff9e02ee000 	C:\Windows\system32\USER32.dll
0x00007ff9ddd50000 - 0x00007ff9dded6000 	C:\Windows\system32\GDI32.dll
0x00007ff9cba10000 - 0x00007ff9cbc84000 	C:\Windows\WinSxS\amd64_microsoft.windows.common-controls_6595b64144ccf1df_6.0.10240.16384_none_f41f7b285750ef43\COMCTL32.dll
0x00007ff9e02f0000 - 0x00007ff9e0326000 	C:\Windows\system32\IMM32.DLL
0x00007ff9df8d0000 - 0x00007ff9dfa2c000 	C:\Windows\system32\MSCTF.dll
0x0000000053c40000 - 0x0000000053d12000 	C:\Program Files\Android\Android Studio\jre\jre\bin\msvcr100.dll
0x0000000053e00000 - 0x0000000054646000 	C:\Program Files\Android\Android Studio\jre\jre\bin\server\jvm.dll
0x00007ff9ddae0000 - 0x00007ff9ddae8000 	C:\Windows\system32\PSAPI.DLL
0x00007ff9d72e0000 - 0x00007ff9d72e9000 	C:\Windows\SYSTEM32\WSOCK32.dll
0x00007ff9ddee0000 - 0x00007ff9ddf49000 	C:\Windows\system32\WS2_32.dll
0x00007ff9e0190000 - 0x00007ff9e0198000 	C:\Windows\system32\NSI.dll
0x00007ff9db2d0000 - 0x00007ff9db2f3000 	C:\Windows\SYSTEM32\WINMM.dll
0x00007ff9d1f70000 - 0x00007ff9d1f7a000 	C:\Windows\SYSTEM32\VERSION.dll
0x00007ff9dad90000 - 0x00007ff9dadbc000 	C:\Windows\SYSTEM32\WINMMBASE.dll
0x00007ff9dcf10000 - 0x00007ff9dcf54000 	C:\Windows\system32\cfgmgr32.dll
0x00007ff9db630000 - 0x00007ff9db657000 	C:\Windows\SYSTEM32\DEVOBJ.dll
0x00007ff9d65d0000 - 0x00007ff9d65df000 	C:\Program Files\Android\Android Studio\jre\jre\bin\verify.dll
0x00007ff9c3f40000 - 0x00007ff9c3f69000 	C:\Program Files\Android\Android Studio\jre\jre\bin\java.dll
0x00007ff9d56d0000 - 0x00007ff9d56e6000 	C:\Program Files\Android\Android Studio\jre\jre\bin\zip.dll
0x00007ff9de390000 - 0x00007ff9df8b2000 	C:\Windows\system32\SHELL32.dll
0x00007ff9dd310000 - 0x00007ff9dd939000 	C:\Windows\system32\windows.storage.dll
0x00007ff9de110000 - 0x00007ff9de38c000 	C:\Windows\system32\combase.dll
0x00007ff9dff30000 - 0x00007ff9dff81000 	C:\Windows\system32\shlwapi.dll
0x00007ff9dcda0000 - 0x00007ff9dcdaf000 	C:\Windows\system32\kernel.appcore.dll
0x00007ff9dd940000 - 0x00007ff9dd9f3000 	C:\Windows\system32\shcore.dll
0x00007ff9dcdb0000 - 0x00007ff9dcdfa000 	C:\Windows\system32\powrprof.dll
0x00007ff9dcd80000 - 0x00007ff9dcd93000 	C:\Windows\system32\profapi.dll
0x00007ff9d55e0000 - 0x00007ff9d55fa000 	C:\Program Files\Android\Android Studio\jre\jre\bin\net.dll
0x00007ff9dc570000 - 0x00007ff9dc5cd000 	C:\Windows\system32\mswsock.dll
0x00007ff9cb120000 - 0x00007ff9cb131000 	C:\Program Files\Android\Android Studio\jre\jre\bin\nio.dll
0x00007ff9c6450000 - 0x00007ff9c646e000 	C:\Users\Harsh\.gradle\native\25\windows-amd64\native-platform.dll
0x00007ff9d65c0000 - 0x00007ff9d65cd000 	C:\Program Files\Android\Android Studio\jre\jre\bin\management.dll
0x00007ff9dc5d0000 - 0x00007ff9dc5e7000 	C:\Windows\SYSTEM32\CRYPTSP.dll
0x00007ff9dcca0000 - 0x00007ff9dccc8000 	C:\Windows\SYSTEM32\bcrypt.dll
0x00007ff9dc220000 - 0x00007ff9dc253000 	C:\Windows\system32\rsaenh.dll
0x00007ff9dc350000 - 0x00007ff9dc36f000 	C:\Windows\SYSTEM32\USERENV.dll
0x00007ff9dcb20000 - 0x00007ff9dcb8b000 	C:\Windows\system32\bcryptprimitives.dll
0x00007ff9dc740000 - 0x00007ff9dc74b000 	C:\Windows\SYSTEM32\CRYPTBASE.dll
0x00007ff9d9840000 - 0x00007ff9d9878000 	C:\Windows\SYSTEM32\IPHLPAPI.DLL
0x00007ff9d9e30000 - 0x00007ff9d9e3b000 	C:\Windows\SYSTEM32\WINNSI.DLL
0x00007ff9d7a10000 - 0x00007ff9d7a26000 	C:\Windows\SYSTEM32\dhcpcsvc6.DLL
0x00007ff9d9700000 - 0x00007ff9d971a000 	C:\Windows\SYSTEM32\dhcpcsvc.DLL

VM Arguments:
jvm_args: -Xmx1536m -Dfile.encoding=windows-1252 -Duser.country=IN -Duser.language=en -Duser.variant 
java_command: org.gradle.launcher.daemon.bootstrap.GradleDaemon 5.1.1
java_class_path (initial): C:\Users\Harsh\.gradle\wrapper\dists\gradle-5.1.1-all\97z1ksx6lirer3kbvdnh7jtjg\gradle-5.1.1\lib\gradle-launcher-5.1.1.jar
Launcher Type: SUN_STANDARD

Environment Variables:
PATH=C:\Windows\system32;C:\Windows;C:\Windows\System32\Wbem;C:\Windows\System32\WindowsPowerShell\v1.0\
USERNAME=Harsh
OS=Windows_NT
PROCESSOR_IDENTIFIER=Intel64 Family 6 Model 61 Stepping 4, GenuineIntel



---------------  S Y S T E M  ---------------

OS: Windows 10.0 , 64 bit Build 10240 (10.0.10240.16384)

CPU:total 4 (initial active 4) (2 cores per cpu, 2 threads per core) family 6 model 61 stepping 4, cmov, cx8, fxsr, mmx, sse, sse2, sse3, ssse3, sse4.1, sse4.2, popcnt, avx, avx2, aes, clmul, erms, 3dnowpref, lzcnt, ht, tsc, tscinvbit, bmi1, bmi2, adx

Memory: 4k page, physical 8306864k(430964k free), swap 33472688k(5684k free)

vm_info: OpenJDK 64-Bit Server VM (25.202-b03) for windows-amd64 JRE (1.8.0_202-release-1483-b03), built by "builder" with MS VC++ 10.0 (VS2010)

time: Sat Feb 29 13:46:24 2020
timezone: India Standard Time
elapsed time: 64 seconds (0d 0h 1m 4s)

