#
# There is insufficient memory for the Java Runtime Environment to continue.
# Native memory allocation (malloc) failed to allocate 763936 bytes for Chunk::new
# Possible reasons:
#   The system is out of physical RAM or swap space
#   The process is running with CompressedOops enabled, and the Java Heap may be blocking the growth of the native heap
# Possible solutions:
#   Reduce memory load on the system
#   Increase physical memory or swap space
#   Check if swap backing store is full
#   Decrease Java heap size (-Xmx/-Xms)
#   Decrease number of Java threads
#   Decrease Java thread stack sizes (-Xss)
#   Set larger code cache with -XX:ReservedCodeCacheSize=
#   JVM is running with Unscaled Compressed Oops mode in which the Java heap is
#     placed in the first 4GB address space. The Java Heap base address is the
#     maximum limit for the native heap growth. Please use -XX:HeapBaseMinAddress
#     to set the Java Heap base and to place the Java Heap above 4GB virtual address.
# This output file may be truncated or incomplete.
#
#  Out of Memory Error (allocation.cpp:389), pid=3444, tid=0x0000000000001a38
#
# JRE version: OpenJDK Runtime Environment (8.0_202-b03) (build 1.8.0_202-release-1483-b03)
# Java VM: OpenJDK 64-Bit Server VM (25.202-b03 mixed mode windows-amd64 compressed oops)
# Failed to write core dump. Minidumps are not enabled by default on client versions of Windows
#

---------------  T H R E A D  ---------------

Current thread (0x00000000162fc800):  JavaThread "C2 CompilerThread1" daemon [_thread_in_native, id=6712, stack(0x0000000017a30000,0x0000000017b30000)]

Stack: [0x0000000017a30000,0x0000000017b30000]
[error occurred during error reporting (printing stack bounds), id 0xc0000005]

Native frames: (J=compiled Java code, j=interpreted, Vv=VM code, C=native code)


Current CompileTask:
C2:   5593 1428   !   4       java.net.URLClassLoader$1::run (63 bytes)


---------------  P R O C E S S  ---------------

Java Threads: ( => current thread )
  0x0000000018c99800 JavaThread "Cache worker for journal cache (C:\Users\Harsh\.gradle\caches\journal-1)" [_thread_blocked, id=4664, stack(0x000000001ad20000,0x000000001ae20000)]
  0x0000000018c9c800 JavaThread "File lock request listener" [_thread_in_native, id=4316, stack(0x000000001ac20000,0x000000001ad20000)]
  0x00000000195ca000 JavaThread "Cache worker for file hash cache (C:\Users\Harsh\.gradle\caches\5.1.1\fileHashes)" [_thread_blocked, id=6880, stack(0x000000001ab20000,0x000000001ac20000)]
  0x0000000018234800 JavaThread "Thread-8" [_thread_blocked, id=6268, stack(0x000000001aa20000,0x000000001ab20000)]
  0x0000000018234000 JavaThread "Stdin handler" [_thread_blocked, id=3244, stack(0x000000001a920000,0x000000001aa20000)]
  0x0000000018232800 JavaThread "Asynchronous log dispatcher for DefaultDaemonConnection: socket connection from /127.0.0.1:59670 to /127.0.0.1:59671" [_thread_blocked, id=3412, stack(0x000000001a820000,0x000000001a920000)]
  0x00000000194ca800 JavaThread "Daemon worker" [_thread_in_vm, id=6752, stack(0x000000001a720000,0x000000001a820000)]
  0x000000001823c800 JavaThread "Cancel handler" [_thread_blocked, id=5928, stack(0x000000001a620000,0x000000001a720000)]
  0x0000000019109800 JavaThread "Handler for socket connection from /127.0.0.1:59670 to /127.0.0.1:59671" [_thread_in_native, id=7152, stack(0x000000001a320000,0x000000001a420000)]
  0x000000001835c000 JavaThread "Daemon" [_thread_blocked, id=3144, stack(0x000000001a220000,0x000000001a320000)]
  0x0000000018326800 JavaThread "Daemon periodic checks" [_thread_blocked, id=6436, stack(0x000000001a120000,0x000000001a220000)]
  0x0000000018328800 JavaThread "Incoming local TCP Connector on port 59670" [_thread_in_native, id=3232, stack(0x0000000019f40000,0x000000001a040000)]
  0x0000000017c50800 JavaThread "Service Thread" daemon [_thread_blocked, id=4992, stack(0x0000000018030000,0x0000000018130000)]
  0x00000000162ff800 JavaThread "C1 CompilerThread2" daemon [_thread_blocked, id=2060, stack(0x0000000017b30000,0x0000000017c30000)]
=>0x00000000162fc800 JavaThread "C2 CompilerThread1" daemon [_thread_in_native, id=6712, stack(0x0000000017a30000,0x0000000017b30000)]
  0x0000000016307800 JavaThread "C2 CompilerThread0" daemon [_thread_in_native, id=5820, stack(0x0000000017930000,0x0000000017a30000)]
  0x0000000016306000 JavaThread "Attach Listener" daemon [_thread_blocked, id=3636, stack(0x0000000017830000,0x0000000017930000)]
  0x0000000016304800 JavaThread "Signal Dispatcher" daemon [_thread_blocked, id=608, stack(0x0000000017730000,0x0000000017830000)]
  0x000000000298b800 JavaThread "Finalizer" daemon [_thread_blocked, id=6620, stack(0x0000000017550000,0x0000000017650000)]
  0x00000000162e9000 JavaThread "Reference Handler" daemon [_thread_blocked, id=1284, stack(0x0000000017450000,0x0000000017550000)]
  0x000000000264d800 JavaThread "main" [_thread_blocked, id=7060, stack(0x0000000002790000,0x0000000002890000)]

Other Threads:
  0x00000000162c6800 VMThread [stack: 0x0000000017350000,0x0000000017450000] [id=5048]
  0x000000001635c000 WatcherThread [stack: 0x0000000018130000,0x0000000018230000] [id=3748]

VM state:not at safepoint (normal execution)

VM Mutex/Monitor currently owned by a thread: None

heap address: 0x00000000a0000000, size: 1536 MB, Compressed Oops mode: 32-bit
Narrow klass base: 0x0000000000000000, Narrow klass shift: 3
Compressed class space size: 1073741824 Address: 0x0000000100000000

Heap:
 PSYoungGen      total 38400K, used 32486K [0x00000000e0000000, 0x00000000e2a80000, 0x0000000100000000)
  eden space 33280K, 82% used [0x00000000e0000000,0x00000000e1abda68,0x00000000e2080000)
  from space 5120K, 99% used [0x00000000e2080000,0x00000000e257bf30,0x00000000e2580000)
  to   space 5120K, 0% used [0x00000000e2580000,0x00000000e2580000,0x00000000e2a80000)
 ParOldGen       total 87552K, used 1934K [0x00000000a0000000, 0x00000000a5580000, 0x00000000e0000000)
  object space 87552K, 2% used [0x00000000a0000000,0x00000000a01e39a8,0x00000000a5580000)
 Metaspace       used 15475K, capacity 15844K, committed 16000K, reserved 1062912K
  class space    used 2196K, capacity 2328K, committed 2432K, reserved 1048576K

Card table byte_map: [0x0000000011d50000,0x0000000012060000] byte_map_base: 0x0000000011850000

Marking Bits: (ParMarkBitMap*) 0x0000000054189f30
 Begin Bits: [0x0000000012660000, 0x0000000013e60000)
 End Bits:   [0x0000000013e60000, 0x0000000015660000)

Polling page: 0x0000000000a80000

CodeCache: size=245760Kb used=5088Kb max_used=5088Kb free=240671Kb
 bounds [0x0000000002990000, 0x0000000002e90000, 0x0000000011990000]
 total_blobs=1867 nmethods=1480 adapters=300
 compilation: enabled

Compilation events (10 events):
Event: 5.566 Thread 0x00000000162ff800 1482       3       sun.nio.cs.UTF_8$Decoder::decodeLoop (28 bytes)
Event: 5.568 Thread 0x00000000162ff800 nmethod 1482 0x0000000002e889d0 code [0x0000000002e88b60, 0x0000000002e89098]
Event: 5.568 Thread 0x00000000162ff800 1483       3       com.google.common.collect.Hashing::smear (19 bytes)
Event: 5.568 Thread 0x00000000162ff800 nmethod 1483 0x0000000002e89210 code [0x0000000002e89360, 0x0000000002e89530]
Event: 5.568 Thread 0x00000000162ff800 1484       3       java.lang.Integer::rotateLeft (9 bytes)
Event: 5.569 Thread 0x00000000162ff800 nmethod 1484 0x0000000002e895d0 code [0x0000000002e89720, 0x0000000002e89870]
Event: 5.572 Thread 0x00000000162ff800 1485       3       sun.reflect.ReflectionFactory::checkInitted (19 bytes)
Event: 5.572 Thread 0x00000000162ff800 nmethod 1485 0x0000000002e898d0 code [0x0000000002e89a40, 0x0000000002e89d08]
Event: 5.583 Thread 0x00000000162ff800 1486       3       java.lang.String::lastIndexOf (151 bytes)
Event: 5.584 Thread 0x00000000162ff800 nmethod 1486 0x0000000002e89e10 code [0x0000000002e89fc0, 0x0000000002e8a510]

GC Heap History (6 events):
Event: 2.416 GC heap before
{Heap before GC invocations=1 (full 0):
 PSYoungGen      total 38400K, used 33280K [0x00000000e0000000, 0x00000000e2a80000, 0x0000000100000000)
  eden space 33280K, 100% used [0x00000000e0000000,0x00000000e2080000,0x00000000e2080000)
  from space 5120K, 0% used [0x00000000e2580000,0x00000000e2580000,0x00000000e2a80000)
  to   space 5120K, 0% used [0x00000000e2080000,0x00000000e2080000,0x00000000e2580000)
 ParOldGen       total 87552K, used 0K [0x00000000a0000000, 0x00000000a5580000, 0x00000000e0000000)
  object space 87552K, 0% used [0x00000000a0000000,0x00000000a0000000,0x00000000a5580000)
 Metaspace       used 6945K, capacity 7108K, committed 7424K, reserved 1056768K
  class space    used 845K, capacity 908K, committed 1024K, reserved 1048576K
Event: 2.427 GC heap after
Heap after GC invocations=1 (full 0):
 PSYoungGen      total 38400K, used 4176K [0x00000000e0000000, 0x00000000e2a80000, 0x0000000100000000)
  eden space 33280K, 0% used [0x00000000e0000000,0x00000000e0000000,0x00000000e2080000)
  from space 5120K, 81% used [0x00000000e2080000,0x00000000e2494278,0x00000000e2580000)
  to   space 5120K, 0% used [0x00000000e2580000,0x00000000e2580000,0x00000000e2a80000)
 ParOldGen       total 87552K, used 8K [0x00000000a0000000, 0x00000000a5580000, 0x00000000e0000000)
  object space 87552K, 0% used [0x00000000a0000000,0x00000000a0002000,0x00000000a5580000)
 Metaspace       used 6945K, capacity 7108K, committed 7424K, reserved 1056768K
  class space    used 845K, capacity 908K, committed 1024K, reserved 1048576K
}
Event: 3.471 GC heap before
{Heap before GC invocations=2 (full 0):
 PSYoungGen      total 38400K, used 37456K [0x00000000e0000000, 0x00000000e2a80000, 0x0000000100000000)
  eden space 33280K, 100% used [0x00000000e0000000,0x00000000e2080000,0x00000000e2080000)
  from space 5120K, 81% used [0x00000000e2080000,0x00000000e2494278,0x00000000e2580000)
  to   space 5120K, 0% used [0x00000000e2580000,0x00000000e2580000,0x00000000e2a80000)
 ParOldGen       total 87552K, used 8K [0x00000000a0000000, 0x00000000a5580000, 0x00000000e0000000)
  object space 87552K, 0% used [0x00000000a0000000,0x00000000a0002000,0x00000000a5580000)
 Metaspace       used 8891K, capacity 9098K, committed 9216K, reserved 1056768K
  class space    used 1154K, capacity 1227K, committed 1280K, reserved 1048576K
Event: 3.482 GC heap after
Heap after GC invocations=2 (full 0):
 PSYoungGen      total 38400K, used 4496K [0x00000000e0000000, 0x00000000e2a80000, 0x0000000100000000)
  eden space 33280K, 0% used [0x00000000e0000000,0x00000000e0000000,0x00000000e2080000)
  from space 5120K, 87% used [0x00000000e2580000,0x00000000e29e41d8,0x00000000e2a80000)
  to   space 5120K, 0% used [0x00000000e2080000,0x00000000e2080000,0x00000000e2580000)
 ParOldGen       total 87552K, used 16K [0x00000000a0000000, 0x00000000a5580000, 0x00000000e0000000)
  object space 87552K, 0% used [0x00000000a0000000,0x00000000a0004000,0x00000000a5580000)
 Metaspace       used 8891K, capacity 9098K, committed 9216K, reserved 1056768K
  class space    used 1154K, capacity 1227K, committed 1280K, reserved 1048576K
}
Event: 4.826 GC heap before
{Heap before GC invocations=3 (full 0):
 PSYoungGen      total 38400K, used 37776K [0x00000000e0000000, 0x00000000e2a80000, 0x0000000100000000)
  eden space 33280K, 100% used [0x00000000e0000000,0x00000000e2080000,0x00000000e2080000)
  from space 5120K, 87% used [0x00000000e2580000,0x00000000e29e41d8,0x00000000e2a80000)
  to   space 5120K, 0% used [0x00000000e2080000,0x00000000e2080000,0x00000000e2580000)
 ParOldGen       total 87552K, used 16K [0x00000000a0000000, 0x00000000a5580000, 0x00000000e0000000)
  object space 87552K, 0% used [0x00000000a0000000,0x00000000a0004000,0x00000000a5580000)
 Metaspace       used 13298K, capacity 13620K, committed 13824K, reserved 1060864K
  class space    used 1831K, capacity 1966K, committed 2048K, reserved 1048576K
Event: 4.843 GC heap after
Heap after GC invocations=3 (full 0):
 PSYoungGen      total 38400K, used 5103K [0x00000000e0000000, 0x00000000e2a80000, 0x0000000100000000)
  eden space 33280K, 0% used [0x00000000e0000000,0x00000000e0000000,0x00000000e2080000)
  from space 5120K, 99% used [0x00000000e2080000,0x00000000e257bf30,0x00000000e2580000)
  to   space 5120K, 0% used [0x00000000e2580000,0x00000000e2580000,0x00000000e2a80000)
 ParOldGen       total 87552K, used 1934K [0x00000000a0000000, 0x00000000a5580000, 0x00000000e0000000)
  object space 87552K, 2% used [0x00000000a0000000,0x00000000a01e39a8,0x00000000a5580000)
 Metaspace       used 13298K, capacity 13620K, committed 13824K, reserved 1060864K
  class space    used 1831K, capacity 1966K, committed 2048K, reserved 1048576K
}

Deoptimization events (10 events):
Event: 3.739 Thread 0x000000000264d800 Uncommon trap: reason=unstable_if action=reinterpret pc=0x0000000002cde4d0 method=java.io.WinNTFileSystem.normalize(Ljava/lang/String;II)Ljava/lang/String; @ 90
Event: 4.189 Thread 0x0000000019109800 Uncommon trap: reason=unstable_if action=reinterpret pc=0x0000000002d61a70 method=java.util.concurrent.ConcurrentHashMap.putVal(Ljava/lang/Object;Ljava/lang/Object;Z)Ljava/lang/Object; @ 206
Event: 4.335 Thread 0x00000000194ca800 Uncommon trap: reason=bimorphic action=maybe_recompile pc=0x0000000002c231e8 method=java.util.HashMap.putVal(ILjava/lang/Object;Ljava/lang/Object;ZZ)Ljava/lang/Object; @ 253
Event: 4.335 Thread 0x00000000194ca800 Uncommon trap: reason=bimorphic action=maybe_recompile pc=0x0000000002c231e8 method=java.util.HashMap.putVal(ILjava/lang/Object;Ljava/lang/Object;ZZ)Ljava/lang/Object; @ 253
Event: 4.335 Thread 0x00000000194ca800 Uncommon trap: reason=bimorphic action=maybe_recompile pc=0x0000000002c231e8 method=java.util.HashMap.putVal(ILjava/lang/Object;Ljava/lang/Object;ZZ)Ljava/lang/Object; @ 253
Event: 4.779 Thread 0x00000000194ca800 Uncommon trap: reason=class_check action=maybe_recompile pc=0x0000000002c6a2d8 method=java.util.regex.Matcher.match(II)Z @ 86
Event: 4.821 Thread 0x00000000194ca800 Uncommon trap: reason=class_check action=maybe_recompile pc=0x0000000002c6a2d8 method=java.util.regex.Matcher.match(II)Z @ 86
Event: 4.822 Thread 0x00000000194ca800 Uncommon trap: reason=class_check action=maybe_recompile pc=0x0000000002c6a2d8 method=java.util.regex.Matcher.match(II)Z @ 86
Event: 4.822 Thread 0x00000000194ca800 Uncommon trap: reason=class_check action=maybe_recompile pc=0x0000000002c28e9c method=java.util.regex.Matcher.match(II)Z @ 86
Event: 5.441 Thread 0x00000000194ca800 Uncommon trap: reason=unstable_if action=reinterpret pc=0x0000000002d86f74 method=java.lang.String.lastIndexOf([CII[CIII)I @ 66

Classes redefined (0 events):
No events

Internal exceptions (10 events):
Event: 4.199 Thread 0x0000000019109800 Exception <a 'java/lang/NoSuchMethodError': <clinit>> (0x00000000e09c6058) thrown at [D:\src\AOSP-openjdk-cygwin\jdk8u\hotspot\src\share\vm\prims\jni.cpp, line 1614]
Event: 4.207 Thread 0x0000000019109800 Exception <a 'java/lang/NoSuchMethodError': <clinit>> (0x00000000e09d9230) thrown at [D:\src\AOSP-openjdk-cygwin\jdk8u\hotspot\src\share\vm\prims\jni.cpp, line 1614]
Event: 4.216 Thread 0x0000000019109800 Exception <a 'java/lang/NoSuchMethodError': <clinit>> (0x00000000e0a00660) thrown at [D:\src\AOSP-openjdk-cygwin\jdk8u\hotspot\src\share\vm\prims\jni.cpp, line 1614]
Event: 4.220 Thread 0x0000000019109800 Exception <a 'java/lang/NoSuchMethodError': <clinit>> (0x00000000e0a186a8) thrown at [D:\src\AOSP-openjdk-cygwin\jdk8u\hotspot\src\share\vm\prims\jni.cpp, line 1614]
Event: 4.222 Thread 0x0000000019109800 Exception <a 'java/lang/NoSuchMethodError': <clinit>> (0x00000000e0a21338) thrown at [D:\src\AOSP-openjdk-cygwin\jdk8u\hotspot\src\share\vm\prims\jni.cpp, line 1614]
Event: 4.226 Thread 0x0000000019109800 Exception <a 'java/lang/NoSuchMethodError': <clinit>> (0x00000000e0a37990) thrown at [D:\src\AOSP-openjdk-cygwin\jdk8u\hotspot\src\share\vm\prims\jni.cpp, line 1614]
Event: 4.246 Thread 0x0000000019109800 Exception <a 'java/lang/NoSuchMethodError': <clinit>> (0x00000000e0a95820) thrown at [D:\src\AOSP-openjdk-cygwin\jdk8u\hotspot\src\share\vm\prims\jni.cpp, line 1614]
Event: 4.257 Thread 0x0000000019109800 Exception <a 'java/lang/NoSuchMethodError': <clinit>> (0x00000000e0ac2540) thrown at [D:\src\AOSP-openjdk-cygwin\jdk8u\hotspot\src\share\vm\prims\jni.cpp, line 1614]
Event: 4.274 Thread 0x0000000019109800 Exception <a 'java/lang/NoSuchMethodError': <clinit>> (0x00000000e0af0518) thrown at [D:\src\AOSP-openjdk-cygwin\jdk8u\hotspot\src\share\vm\prims\jni.cpp, line 1614]
Event: 4.276 Thread 0x0000000019109800 Exception <a 'java/lang/NoSuchMethodError': <clinit>> (0x00000000e0afb920) thrown at [D:\src\AOSP-openjdk-cygwin\jdk8u\hotspot\src\share\vm\prims\jni.cpp, line 1614]

Events (10 events):
Event: 5.584 loading class org/gradle/internal/resource/Resource
Event: 5.584 loading class org/gradle/internal/resource/Resource done
Event: 5.585 loading class org/gradle/internal/resource/UriTextResource
Event: 5.585 loading class org/gradle/internal/resource/UriTextResource done
Event: 5.587 loading class org/gradle/internal/resource/ResourceLocation
Event: 5.587 loading class org/gradle/internal/resource/ResourceLocation done
Event: 5.588 loading class org/gradle/internal/resource/ResourceIsAFolderException
Event: 5.588 loading class org/gradle/internal/resource/ResourceIsAFolderException done
Event: 5.590 loading class org/apache/commons/io/FilenameUtils
Event: 5.590 loading class org/apache/commons/io/FilenameUtils done


Dynamic libraries:
0x00007ff78c120000 - 0x00007ff78c151000 	C:\Program Files\Android\Android Studio\jre\bin\java.exe
0x00007ff9e0330000 - 0x00007ff9e04f1000 	C:\Windows\SYSTEM32\ntdll.dll
0x00007ff9e00e0000 - 0x00007ff9e018d000 	C:\Windows\system32\KERNEL32.DLL
0x00007ff9dd130000 - 0x00007ff9dd30d000 	C:\Windows\system32\KERNELBASE.dll
0x00007ff9ddaf0000 - 0x00007ff9ddb96000 	C:\Windows\system32\ADVAPI32.dll
0x00007ff9ddf50000 - 0x00007ff9ddfed000 	C:\Windows\system32\msvcrt.dll
0x00007ff9dfaa0000 - 0x00007ff9dfafb000 	C:\Windows\system32\sechost.dll
0x00007ff9dffb0000 - 0x00007ff9e00d6000 	C:\Windows\system32\RPCRT4.dll
0x00007ff9e01a0000 - 0x00007ff9e02ee000 	C:\Windows\system32\USER32.dll
0x00007ff9ddd50000 - 0x00007ff9dded6000 	C:\Windows\system32\GDI32.dll
0x00007ff9cba10000 - 0x00007ff9cbc84000 	C:\Windows\WinSxS\amd64_microsoft.windows.common-controls_6595b64144ccf1df_6.0.10240.16384_none_f41f7b285750ef43\COMCTL32.dll
0x00007ff9e02f0000 - 0x00007ff9e0326000 	C:\Windows\system32\IMM32.DLL
0x00007ff9df8d0000 - 0x00007ff9dfa2c000 	C:\Windows\system32\MSCTF.dll
0x0000000054570000 - 0x0000000054642000 	C:\Program Files\Android\Android Studio\jre\jre\bin\msvcr100.dll
0x00000000539c0000 - 0x0000000054206000 	C:\Program Files\Android\Android Studio\jre\jre\bin\server\jvm.dll
0x00007ff9ddae0000 - 0x00007ff9ddae8000 	C:\Windows\system32\PSAPI.DLL
0x00007ff9d6300000 - 0x00007ff9d6309000 	C:\Windows\SYSTEM32\WSOCK32.dll
0x00007ff9d1f70000 - 0x00007ff9d1f7a000 	C:\Windows\SYSTEM32\VERSION.dll
0x00007ff9db2d0000 - 0x00007ff9db2f3000 	C:\Windows\SYSTEM32\WINMM.dll
0x00007ff9ddee0000 - 0x00007ff9ddf49000 	C:\Windows\system32\WS2_32.dll
0x00007ff9dad90000 - 0x00007ff9dadbc000 	C:\Windows\SYSTEM32\WINMMBASE.dll
0x00007ff9e0190000 - 0x00007ff9e0198000 	C:\Windows\system32\NSI.dll
0x00007ff9dcf10000 - 0x00007ff9dcf54000 	C:\Windows\system32\cfgmgr32.dll
0x00007ff9db630000 - 0x00007ff9db657000 	C:\Windows\SYSTEM32\DEVOBJ.dll
0x00007ff9d58d0000 - 0x00007ff9d58df000 	C:\Program Files\Android\Android Studio\jre\jre\bin\verify.dll
0x00007ff9d58a0000 - 0x00007ff9d58c9000 	C:\Program Files\Android\Android Studio\jre\jre\bin\java.dll
0x00007ff9d57c0000 - 0x00007ff9d57d6000 	C:\Program Files\Android\Android Studio\jre\jre\bin\zip.dll
0x00007ff9de390000 - 0x00007ff9df8b2000 	C:\Windows\system32\SHELL32.dll
0x00007ff9dd310000 - 0x00007ff9dd939000 	C:\Windows\system32\windows.storage.dll
0x00007ff9de110000 - 0x00007ff9de38c000 	C:\Windows\system32\combase.dll
0x00007ff9dff30000 - 0x00007ff9dff81000 	C:\Windows\system32\shlwapi.dll
0x00007ff9dcda0000 - 0x00007ff9dcdaf000 	C:\Windows\system32\kernel.appcore.dll
0x00007ff9dd940000 - 0x00007ff9dd9f3000 	C:\Windows\system32\shcore.dll
0x00007ff9dcdb0000 - 0x00007ff9dcdfa000 	C:\Windows\system32\powrprof.dll
0x00007ff9dcd80000 - 0x00007ff9dcd93000 	C:\Windows\system32\profapi.dll
0x00007ff9d57a0000 - 0x00007ff9d57ba000 	C:\Program Files\Android\Android Studio\jre\jre\bin\net.dll
0x00007ff9dc570000 - 0x00007ff9dc5cd000 	C:\Windows\system32\mswsock.dll
0x00007ff9d5780000 - 0x00007ff9d5791000 	C:\Program Files\Android\Android Studio\jre\jre\bin\nio.dll
0x00007ff9c3b10000 - 0x00007ff9c3b2e000 	C:\Users\Harsh\.gradle\native\25\windows-amd64\native-platform.dll
0x00007ff9d5890000 - 0x00007ff9d589d000 	C:\Program Files\Android\Android Studio\jre\jre\bin\management.dll
0x00007ff9dc5d0000 - 0x00007ff9dc5e7000 	C:\Windows\SYSTEM32\CRYPTSP.dll
0x00007ff9dcca0000 - 0x00007ff9dccc8000 	C:\Windows\SYSTEM32\bcrypt.dll
0x00007ff9dc220000 - 0x00007ff9dc253000 	C:\Windows\system32\rsaenh.dll
0x00007ff9dc350000 - 0x00007ff9dc36f000 	C:\Windows\SYSTEM32\USERENV.dll
0x00007ff9dcb20000 - 0x00007ff9dcb8b000 	C:\Windows\system32\bcryptprimitives.dll
0x00007ff9dc740000 - 0x00007ff9dc74b000 	C:\Windows\SYSTEM32\CRYPTBASE.dll
0x00007ff9d9840000 - 0x00007ff9d9878000 	C:\Windows\SYSTEM32\IPHLPAPI.DLL
0x00007ff9d9e30000 - 0x00007ff9d9e3b000 	C:\Windows\SYSTEM32\WINNSI.DLL
0x00007ff9d7a10000 - 0x00007ff9d7a26000 	C:\Windows\SYSTEM32\dhcpcsvc6.DLL
0x00007ff9d9700000 - 0x00007ff9d971a000 	C:\Windows\SYSTEM32\dhcpcsvc.DLL

VM Arguments:
jvm_args: -Xmx1536m -Dfile.encoding=windows-1252 -Duser.country=IN -Duser.language=en -Duser.variant 
java_command: org.gradle.launcher.daemon.bootstrap.GradleDaemon 5.1.1
java_class_path (initial): C:\Users\Harsh\.gradle\wrapper\dists\gradle-5.1.1-all\97z1ksx6lirer3kbvdnh7jtjg\gradle-5.1.1\lib\gradle-launcher-5.1.1.jar
Launcher Type: SUN_STANDARD

Environment Variables:
PATH=C:\Windows\system32;C:\Windows;C:\Windows\System32\Wbem;C:\Windows\System32\WindowsPowerShell\v1.0\
USERNAME=Harsh
OS=Windows_NT
PROCESSOR_IDENTIFIER=Intel64 Family 6 Model 61 Stepping 4, GenuineIntel



---------------  S Y S T E M  ---------------

OS: Windows 10.0 , 64 bit Build 10240 (10.0.10240.16384)

CPU:total 4 (initial active 4) (2 cores per cpu, 2 threads per core) family 6 model 61 stepping 4, cmov, cx8, fxsr, mmx, sse, sse2, sse3, ssse3, sse4.1, sse4.2, popcnt, avx, avx2, aes, clmul, erms, 3dnowpref, lzcnt, ht, tsc, tscinvbit, bmi1, bmi2, adx

Memory: 4k page, physical 8306864k(295912k free), swap 33472688k(5152k free)

vm_info: OpenJDK 64-Bit Server VM (25.202-b03) for windows-amd64 JRE (1.8.0_202-release-1483-b03), built by "builder" with MS VC++ 10.0 (VS2010)

time: Sat Feb 29 13:36:38 2020
timezone: India Standard Time
elapsed time: 5 seconds (0d 0h 0m 5s)

