#
# There is insufficient memory for the Java Runtime Environment to continue.
# Native memory allocation (malloc) failed to allocate 262160 bytes for Chunk::new
# Possible reasons:
#   The system is out of physical RAM or swap space
#   The process is running with CompressedOops enabled, and the Java Heap may be blocking the growth of the native heap
# Possible solutions:
#   Reduce memory load on the system
#   Increase physical memory or swap space
#   Check if swap backing store is full
#   Decrease Java heap size (-Xmx/-Xms)
#   Decrease number of Java threads
#   Decrease Java thread stack sizes (-Xss)
#   Set larger code cache with -XX:ReservedCodeCacheSize=
#   JVM is running with Unscaled Compressed Oops mode in which the Java heap is
#     placed in the first 4GB address space. The Java Heap base address is the
#     maximum limit for the native heap growth. Please use -XX:HeapBaseMinAddress
#     to set the Java Heap base and to place the Java Heap above 4GB virtual address.
# This output file may be truncated or incomplete.
#
#  Out of Memory Error (allocation.cpp:389), pid=5304, tid=0x0000000000001158
#
# JRE version: OpenJDK Runtime Environment (8.0_202-b03) (build 1.8.0_202-release-1483-b03)
# Java VM: OpenJDK 64-Bit Server VM (25.202-b03 mixed mode windows-amd64 compressed oops)
# Failed to write core dump. Minidumps are not enabled by default on client versions of Windows
#

---------------  T H R E A D  ---------------

Current thread (0x00000000165aa800):  JavaThread "C2 CompilerThread0" daemon [_thread_in_native, id=4440, stack(0x0000000017bf0000,0x0000000017cf0000)]

Stack: [0x0000000017bf0000,0x0000000017cf0000]
[error occurred during error reporting (printing stack bounds), id 0xc0000005]

Native frames: (J=compiled Java code, j=interpreted, Vv=VM code, C=native code)


Current CompileTask:
C2:   5245 1378       4       java.net.URLClassLoader$1::run (5 bytes)


---------------  P R O C E S S  ---------------

Java Threads: ( => current thread )
  0x00000000199a2000 JavaThread "Cache worker for journal cache (C:\Users\Harsh\.gradle\caches\journal-1)" [_thread_blocked, id=1468, stack(0x000000001afe0000,0x000000001b0e0000)]
  0x00000000199a3800 JavaThread "File lock request listener" [_thread_in_native, id=6972, stack(0x000000001aee0000,0x000000001afe0000)]
  0x00000000186ff000 JavaThread "Cache worker for file hash cache (C:\Users\Harsh\.gradle\caches\5.1.1\fileHashes)" [_thread_blocked, id=4064, stack(0x000000001ade0000,0x000000001aee0000)]
  0x000000001994f800 JavaThread "Thread-8" [_thread_blocked, id=1244, stack(0x000000001ace0000,0x000000001ade0000)]
  0x000000001994a000 JavaThread "Stdin handler" [_thread_blocked, id=3496, stack(0x000000001abe0000,0x000000001ace0000)]
  0x0000000019949800 JavaThread "Asynchronous log dispatcher for DefaultDaemonConnection: socket connection from /127.0.0.1:59676 to /127.0.0.1:59677" [_thread_blocked, id=6548, stack(0x000000001aae0000,0x000000001abe0000)]
  0x00000000199d8000 JavaThread "Daemon worker" [_thread_in_vm, id=4188, stack(0x000000001a9e0000,0x000000001aae0000)]
  0x00000000199d7800 JavaThread "Cancel handler" [_thread_blocked, id=4868, stack(0x000000001a8e0000,0x000000001a9e0000)]
  0x00000000180f1800 JavaThread "Handler for socket connection from /127.0.0.1:59676 to /127.0.0.1:59677" [_thread_in_native, id=6000, stack(0x000000001a5e0000,0x000000001a6e0000)]
  0x00000000180ed000 JavaThread "Daemon" [_thread_blocked, id=3084, stack(0x000000001a4e0000,0x000000001a5e0000)]
  0x0000000018bf8800 JavaThread "Daemon periodic checks" [_thread_blocked, id=5980, stack(0x000000001a3e0000,0x000000001a4e0000)]
  0x000000001861c800 JavaThread "Incoming local TCP Connector on port 59676" [_thread_in_native, id=6328, stack(0x000000001a200000,0x000000001a300000)]
  0x000000001660d800 JavaThread "Service Thread" daemon [_thread_blocked, id=5024, stack(0x00000000182f0000,0x00000000183f0000)]
  0x00000000165b6800 JavaThread "C1 CompilerThread2" daemon [_thread_blocked, id=876, stack(0x0000000017df0000,0x0000000017ef0000)]
  0x00000000165af800 JavaThread "C2 CompilerThread1" daemon [_thread_in_native, id=6716, stack(0x0000000017cf0000,0x0000000017df0000)]
=>0x00000000165aa800 JavaThread "C2 CompilerThread0" daemon [_thread_in_native, id=4440, stack(0x0000000017bf0000,0x0000000017cf0000)]
  0x00000000165a9000 JavaThread "Attach Listener" daemon [_thread_blocked, id=1708, stack(0x0000000017af0000,0x0000000017bf0000)]
  0x00000000165a8000 JavaThread "Signal Dispatcher" daemon [_thread_blocked, id=7160, stack(0x00000000179f0000,0x0000000017af0000)]
  0x0000000002c3a800 JavaThread "Finalizer" daemon [_thread_blocked, id=6856, stack(0x0000000017810000,0x0000000017910000)]
  0x0000000016599000 JavaThread "Reference Handler" daemon [_thread_blocked, id=964, stack(0x0000000017710000,0x0000000017810000)]
  0x0000000002b3d800 JavaThread "main" [_thread_blocked, id=5100, stack(0x00000000029d0000,0x0000000002ad0000)]

Other Threads:
  0x0000000016575800 VMThread [stack: 0x0000000017610000,0x0000000017710000] [id=3204]
  0x0000000017f19800 WatcherThread [stack: 0x00000000183f0000,0x00000000184f0000] [id=4484]

VM state:not at safepoint (normal execution)

VM Mutex/Monitor currently owned by a thread: None

heap address: 0x00000000a0000000, size: 1536 MB, Compressed Oops mode: 32-bit
Narrow klass base: 0x0000000000000000, Narrow klass shift: 3
Compressed class space size: 1073741824 Address: 0x0000000100000000

Heap:
 PSYoungGen      total 38400K, used 29290K [0x00000000e0000000, 0x00000000e2a80000, 0x0000000100000000)
  eden space 33280K, 72% used [0x00000000e0000000,0x00000000e179e500,0x00000000e2080000)
  from space 5120K, 99% used [0x00000000e2080000,0x00000000e257c410,0x00000000e2580000)
  to   space 5120K, 0% used [0x00000000e2580000,0x00000000e2580000,0x00000000e2a80000)
 ParOldGen       total 87552K, used 1875K [0x00000000a0000000, 0x00000000a5580000, 0x00000000e0000000)
  object space 87552K, 2% used [0x00000000a0000000,0x00000000a01d4cd8,0x00000000a5580000)
 Metaspace       used 15110K, capacity 15500K, committed 15616K, reserved 1062912K
  class space    used 2147K, capacity 2296K, committed 2304K, reserved 1048576K

Card table byte_map: [0x0000000012000000,0x0000000012310000] byte_map_base: 0x0000000011b00000

Marking Bits: (ParMarkBitMap*) 0x0000000054189f30
 Begin Bits: [0x0000000012910000, 0x0000000014110000)
 End Bits:   [0x0000000014110000, 0x0000000015910000)

Polling page: 0x0000000001270000

CodeCache: size=245760Kb used=5066Kb max_used=5066Kb free=240693Kb
 bounds [0x0000000002c40000, 0x0000000003140000, 0x0000000011c40000]
 total_blobs=1814 nmethods=1428 adapters=299
 compilation: enabled

Compilation events (10 events):
Event: 5.125 Thread 0x00000000165b6800 nmethod 1421 0x000000000312f610 code [0x000000000312f880, 0x0000000003130ca8]
Event: 5.125 Thread 0x00000000165b6800 1423       3       java.util.ArrayList::isEmpty (13 bytes)
Event: 5.126 Thread 0x00000000165b6800 nmethod 1423 0x0000000003131610 code [0x0000000003131760, 0x0000000003131910]
Event: 5.126 Thread 0x00000000165b6800 1422       3       java.util.AbstractCollection::isEmpty (13 bytes)
Event: 5.126 Thread 0x00000000165b6800 nmethod 1422 0x0000000003131990 code [0x0000000003131b00, 0x0000000003131d68]
Event: 5.183 Thread 0x00000000165af800 1424   !   4       java.net.URLClassLoader$1::run (63 bytes)
Event: 5.220 Thread 0x00000000165b6800 1425       3       java.util.concurrent.locks.AbstractQueuedSynchronizer::isOnSyncQueue (33 bytes)
Event: 5.221 Thread 0x00000000165b6800 nmethod 1425 0x0000000003132750 code [0x00000000031328c0, 0x0000000003132c50]
Event: 5.234 Thread 0x00000000165b6800 1428       3       java.lang.ClassLoader::addClass (9 bytes)
Event: 5.235 Thread 0x00000000165b6800 nmethod 1428 0x0000000003133110 code [0x0000000003133280, 0x00000000031334a8]

GC Heap History (6 events):
Event: 2.263 GC heap before
{Heap before GC invocations=1 (full 0):
 PSYoungGen      total 38400K, used 33280K [0x00000000e0000000, 0x00000000e2a80000, 0x0000000100000000)
  eden space 33280K, 100% used [0x00000000e0000000,0x00000000e2080000,0x00000000e2080000)
  from space 5120K, 0% used [0x00000000e2580000,0x00000000e2580000,0x00000000e2a80000)
  to   space 5120K, 0% used [0x00000000e2080000,0x00000000e2080000,0x00000000e2580000)
 ParOldGen       total 87552K, used 0K [0x00000000a0000000, 0x00000000a5580000, 0x00000000e0000000)
  object space 87552K, 0% used [0x00000000a0000000,0x00000000a0000000,0x00000000a5580000)
 Metaspace       used 6938K, capacity 7116K, committed 7424K, reserved 1056768K
  class space    used 845K, capacity 908K, committed 1024K, reserved 1048576K
Event: 2.276 GC heap after
Heap after GC invocations=1 (full 0):
 PSYoungGen      total 38400K, used 4230K [0x00000000e0000000, 0x00000000e2a80000, 0x0000000100000000)
  eden space 33280K, 0% used [0x00000000e0000000,0x00000000e0000000,0x00000000e2080000)
  from space 5120K, 82% used [0x00000000e2080000,0x00000000e24a1a70,0x00000000e2580000)
  to   space 5120K, 0% used [0x00000000e2580000,0x00000000e2580000,0x00000000e2a80000)
 ParOldGen       total 87552K, used 8K [0x00000000a0000000, 0x00000000a5580000, 0x00000000e0000000)
  object space 87552K, 0% used [0x00000000a0000000,0x00000000a0002000,0x00000000a5580000)
 Metaspace       used 6938K, capacity 7116K, committed 7424K, reserved 1056768K
  class space    used 845K, capacity 908K, committed 1024K, reserved 1048576K
}
Event: 3.293 GC heap before
{Heap before GC invocations=2 (full 0):
 PSYoungGen      total 38400K, used 37510K [0x00000000e0000000, 0x00000000e2a80000, 0x0000000100000000)
  eden space 33280K, 100% used [0x00000000e0000000,0x00000000e2080000,0x00000000e2080000)
  from space 5120K, 82% used [0x00000000e2080000,0x00000000e24a1a70,0x00000000e2580000)
  to   space 5120K, 0% used [0x00000000e2580000,0x00000000e2580000,0x00000000e2a80000)
 ParOldGen       total 87552K, used 8K [0x00000000a0000000, 0x00000000a5580000, 0x00000000e0000000)
  object space 87552K, 0% used [0x00000000a0000000,0x00000000a0002000,0x00000000a5580000)
 Metaspace       used 8869K, capacity 9106K, committed 9216K, reserved 1056768K
  class space    used 1154K, capacity 1227K, committed 1280K, reserved 1048576K
Event: 3.304 GC heap after
Heap after GC invocations=2 (full 0):
 PSYoungGen      total 38400K, used 4496K [0x00000000e0000000, 0x00000000e2a80000, 0x0000000100000000)
  eden space 33280K, 0% used [0x00000000e0000000,0x00000000e0000000,0x00000000e2080000)
  from space 5120K, 87% used [0x00000000e2580000,0x00000000e29e4218,0x00000000e2a80000)
  to   space 5120K, 0% used [0x00000000e2080000,0x00000000e2080000,0x00000000e2580000)
 ParOldGen       total 87552K, used 16K [0x00000000a0000000, 0x00000000a5580000, 0x00000000e0000000)
  object space 87552K, 0% used [0x00000000a0000000,0x00000000a0004000,0x00000000a5580000)
 Metaspace       used 8869K, capacity 9106K, committed 9216K, reserved 1056768K
  class space    used 1154K, capacity 1227K, committed 1280K, reserved 1048576K
}
Event: 4.618 GC heap before
{Heap before GC invocations=3 (full 0):
 PSYoungGen      total 38400K, used 37776K [0x00000000e0000000, 0x00000000e2a80000, 0x0000000100000000)
  eden space 33280K, 100% used [0x00000000e0000000,0x00000000e2080000,0x00000000e2080000)
  from space 5120K, 87% used [0x00000000e2580000,0x00000000e29e4218,0x00000000e2a80000)
  to   space 5120K, 0% used [0x00000000e2080000,0x00000000e2080000,0x00000000e2580000)
 ParOldGen       total 87552K, used 16K [0x00000000a0000000, 0x00000000a5580000, 0x00000000e0000000)
  object space 87552K, 0% used [0x00000000a0000000,0x00000000a0004000,0x00000000a5580000)
 Metaspace       used 13274K, capacity 13628K, committed 13824K, reserved 1060864K
  class space    used 1832K, capacity 1966K, committed 2048K, reserved 1048576K
Event: 4.636 GC heap after
Heap after GC invocations=3 (full 0):
 PSYoungGen      total 38400K, used 5105K [0x00000000e0000000, 0x00000000e2a80000, 0x0000000100000000)
  eden space 33280K, 0% used [0x00000000e0000000,0x00000000e0000000,0x00000000e2080000)
  from space 5120K, 99% used [0x00000000e2080000,0x00000000e257c410,0x00000000e2580000)
  to   space 5120K, 0% used [0x00000000e2580000,0x00000000e2580000,0x00000000e2a80000)
 ParOldGen       total 87552K, used 1875K [0x00000000a0000000, 0x00000000a5580000, 0x00000000e0000000)
  object space 87552K, 2% used [0x00000000a0000000,0x00000000a01d4cd8,0x00000000a5580000)
 Metaspace       used 13274K, capacity 13628K, committed 13824K, reserved 1060864K
  class space    used 1832K, capacity 1966K, committed 2048K, reserved 1048576K
}

Deoptimization events (10 events):
Event: 3.552 Thread 0x0000000002b3d800 Uncommon trap: reason=unstable_if action=reinterpret pc=0x0000000002f92cd0 method=java.io.WinNTFileSystem.normalize(Ljava/lang/String;II)Ljava/lang/String; @ 90
Event: 3.974 Thread 0x00000000180f1800 Uncommon trap: reason=unstable_if action=reinterpret pc=0x0000000003015570 method=java.util.concurrent.ConcurrentHashMap.putVal(Ljava/lang/Object;Ljava/lang/Object;Z)Ljava/lang/Object; @ 206
Event: 4.133 Thread 0x00000000199d8000 Uncommon trap: reason=bimorphic action=maybe_recompile pc=0x0000000002ef4ae8 method=java.util.HashMap.putVal(ILjava/lang/Object;Ljava/lang/Object;ZZ)Ljava/lang/Object; @ 253
Event: 4.133 Thread 0x00000000199d8000 Uncommon trap: reason=bimorphic action=maybe_recompile pc=0x0000000002ef4ae8 method=java.util.HashMap.putVal(ILjava/lang/Object;Ljava/lang/Object;ZZ)Ljava/lang/Object; @ 253
Event: 4.134 Thread 0x00000000199d8000 Uncommon trap: reason=bimorphic action=maybe_recompile pc=0x0000000002ef4ae8 method=java.util.HashMap.putVal(ILjava/lang/Object;Ljava/lang/Object;ZZ)Ljava/lang/Object; @ 253
Event: 4.134 Thread 0x00000000199d8000 Uncommon trap: reason=bimorphic action=maybe_recompile pc=0x0000000002eec798 method=java.util.HashMap.putVal(ILjava/lang/Object;Ljava/lang/Object;ZZ)Ljava/lang/Object; @ 253
Event: 4.573 Thread 0x00000000199d8000 Uncommon trap: reason=class_check action=maybe_recompile pc=0x0000000002f1b358 method=java.util.regex.Matcher.match(II)Z @ 86
Event: 4.613 Thread 0x00000000199d8000 Uncommon trap: reason=class_check action=maybe_recompile pc=0x0000000002f1b358 method=java.util.regex.Matcher.match(II)Z @ 86
Event: 4.614 Thread 0x00000000199d8000 Uncommon trap: reason=class_check action=maybe_recompile pc=0x0000000002f1b358 method=java.util.regex.Matcher.match(II)Z @ 86
Event: 4.615 Thread 0x00000000199d8000 Uncommon trap: reason=class_check action=maybe_recompile pc=0x0000000002ed4b9c method=java.util.regex.Matcher.match(II)Z @ 86

Classes redefined (0 events):
No events

Internal exceptions (10 events):
Event: 3.982 Thread 0x00000000180f1800 Exception <a 'java/lang/NoSuchMethodError': <clinit>> (0x00000000e09d8700) thrown at [D:\src\AOSP-openjdk-cygwin\jdk8u\hotspot\src\share\vm\prims\jni.cpp, line 1614]
Event: 3.991 Thread 0x00000000180f1800 Exception <a 'java/lang/NoSuchMethodError': <clinit>> (0x00000000e09eb8d8) thrown at [D:\src\AOSP-openjdk-cygwin\jdk8u\hotspot\src\share\vm\prims\jni.cpp, line 1614]
Event: 4.000 Thread 0x00000000180f1800 Exception <a 'java/lang/NoSuchMethodError': <clinit>> (0x00000000e0a12ca8) thrown at [D:\src\AOSP-openjdk-cygwin\jdk8u\hotspot\src\share\vm\prims\jni.cpp, line 1614]
Event: 4.007 Thread 0x00000000180f1800 Exception <a 'java/lang/NoSuchMethodError': <clinit>> (0x00000000e0a2acf0) thrown at [D:\src\AOSP-openjdk-cygwin\jdk8u\hotspot\src\share\vm\prims\jni.cpp, line 1614]
Event: 4.009 Thread 0x00000000180f1800 Exception <a 'java/lang/NoSuchMethodError': <clinit>> (0x00000000e0a33980) thrown at [D:\src\AOSP-openjdk-cygwin\jdk8u\hotspot\src\share\vm\prims\jni.cpp, line 1614]
Event: 4.014 Thread 0x00000000180f1800 Exception <a 'java/lang/NoSuchMethodError': <clinit>> (0x00000000e0a49f90) thrown at [D:\src\AOSP-openjdk-cygwin\jdk8u\hotspot\src\share\vm\prims\jni.cpp, line 1614]
Event: 4.037 Thread 0x00000000180f1800 Exception <a 'java/lang/NoSuchMethodError': <clinit>> (0x00000000e0aa7dc8) thrown at [D:\src\AOSP-openjdk-cygwin\jdk8u\hotspot\src\share\vm\prims\jni.cpp, line 1614]
Event: 4.050 Thread 0x00000000180f1800 Exception <a 'java/lang/NoSuchMethodError': <clinit>> (0x00000000e0ad4b28) thrown at [D:\src\AOSP-openjdk-cygwin\jdk8u\hotspot\src\share\vm\prims\jni.cpp, line 1614]
Event: 4.067 Thread 0x00000000180f1800 Exception <a 'java/lang/NoSuchMethodError': <clinit>> (0x00000000e0b02ab8) thrown at [D:\src\AOSP-openjdk-cygwin\jdk8u\hotspot\src\share\vm\prims\jni.cpp, line 1614]
Event: 4.070 Thread 0x00000000180f1800 Exception <a 'java/lang/NoSuchMethodError': <clinit>> (0x00000000e0b0dec0) thrown at [D:\src\AOSP-openjdk-cygwin\jdk8u\hotspot\src\share\vm\prims\jni.cpp, line 1614]

Events (10 events):
Event: 5.236 loading class java/util/Collections$SynchronizedMap
Event: 5.237 loading class java/util/Collections$SynchronizedMap done
Event: 5.237 loading class org/gradle/api/internal/initialization/loadercache/DefaultClassLoaderCache
Event: 5.237 loading class org/gradle/api/internal/initialization/loadercache/DefaultClassLoaderCache done
Event: 5.239 loading class org/gradle/api/internal/initialization/loadercache/DefaultClassLoaderCache$ClassLoaderSpec
Event: 5.239 loading class org/gradle/api/internal/initialization/loadercache/DefaultClassLoaderCache$ClassLoaderSpec done
Event: 5.240 loading class org/gradle/api/internal/initialization/loadercache/DefaultClassLoaderCache$ManagedClassLoaderSpec
Event: 5.240 loading class org/gradle/api/internal/initialization/loadercache/DefaultClassLoaderCache$ManagedClassLoaderSpec done
Event: 5.241 loading class org/gradle/api/internal/initialization/loadercache/DefaultClassLoaderCache$UnmanagedClassLoaderSpec
Event: 5.241 loading class org/gradle/api/internal/initialization/loadercache/DefaultClassLoaderCache$UnmanagedClassLoaderSpec done


Dynamic libraries:
0x00007ff78c120000 - 0x00007ff78c151000 	C:\Program Files\Android\Android Studio\jre\bin\java.exe
0x00007ff9e0330000 - 0x00007ff9e04f1000 	C:\Windows\SYSTEM32\ntdll.dll
0x00007ff9e00e0000 - 0x00007ff9e018d000 	C:\Windows\system32\KERNEL32.DLL
0x00007ff9dd130000 - 0x00007ff9dd30d000 	C:\Windows\system32\KERNELBASE.dll
0x00007ff9ddaf0000 - 0x00007ff9ddb96000 	C:\Windows\system32\ADVAPI32.dll
0x00007ff9ddf50000 - 0x00007ff9ddfed000 	C:\Windows\system32\msvcrt.dll
0x00007ff9dfaa0000 - 0x00007ff9dfafb000 	C:\Windows\system32\sechost.dll
0x00007ff9dffb0000 - 0x00007ff9e00d6000 	C:\Windows\system32\RPCRT4.dll
0x00007ff9e01a0000 - 0x00007ff9e02ee000 	C:\Windows\system32\USER32.dll
0x00007ff9ddd50000 - 0x00007ff9dded6000 	C:\Windows\system32\GDI32.dll
0x00007ff9cba10000 - 0x00007ff9cbc84000 	C:\Windows\WinSxS\amd64_microsoft.windows.common-controls_6595b64144ccf1df_6.0.10240.16384_none_f41f7b285750ef43\COMCTL32.dll
0x00007ff9e02f0000 - 0x00007ff9e0326000 	C:\Windows\system32\IMM32.DLL
0x00007ff9df8d0000 - 0x00007ff9dfa2c000 	C:\Windows\system32\MSCTF.dll
0x0000000054570000 - 0x0000000054642000 	C:\Program Files\Android\Android Studio\jre\jre\bin\msvcr100.dll
0x00000000539c0000 - 0x0000000054206000 	C:\Program Files\Android\Android Studio\jre\jre\bin\server\jvm.dll
0x00007ff9ddae0000 - 0x00007ff9ddae8000 	C:\Windows\system32\PSAPI.DLL
0x00007ff9d6300000 - 0x00007ff9d6309000 	C:\Windows\SYSTEM32\WSOCK32.dll
0x00007ff9ddee0000 - 0x00007ff9ddf49000 	C:\Windows\system32\WS2_32.dll
0x00007ff9e0190000 - 0x00007ff9e0198000 	C:\Windows\system32\NSI.dll
0x00007ff9db2d0000 - 0x00007ff9db2f3000 	C:\Windows\SYSTEM32\WINMM.dll
0x00007ff9d1f70000 - 0x00007ff9d1f7a000 	C:\Windows\SYSTEM32\VERSION.dll
0x00007ff9dad90000 - 0x00007ff9dadbc000 	C:\Windows\SYSTEM32\WINMMBASE.dll
0x00007ff9dcf10000 - 0x00007ff9dcf54000 	C:\Windows\system32\cfgmgr32.dll
0x00007ff9db630000 - 0x00007ff9db657000 	C:\Windows\SYSTEM32\DEVOBJ.dll
0x00007ff9d58d0000 - 0x00007ff9d58df000 	C:\Program Files\Android\Android Studio\jre\jre\bin\verify.dll
0x00007ff9d58a0000 - 0x00007ff9d58c9000 	C:\Program Files\Android\Android Studio\jre\jre\bin\java.dll
0x00007ff9d57c0000 - 0x00007ff9d57d6000 	C:\Program Files\Android\Android Studio\jre\jre\bin\zip.dll
0x00007ff9de390000 - 0x00007ff9df8b2000 	C:\Windows\system32\SHELL32.dll
0x00007ff9dd310000 - 0x00007ff9dd939000 	C:\Windows\system32\windows.storage.dll
0x00007ff9de110000 - 0x00007ff9de38c000 	C:\Windows\system32\combase.dll
0x00007ff9dff30000 - 0x00007ff9dff81000 	C:\Windows\system32\shlwapi.dll
0x00007ff9dcda0000 - 0x00007ff9dcdaf000 	C:\Windows\system32\kernel.appcore.dll
0x00007ff9dd940000 - 0x00007ff9dd9f3000 	C:\Windows\system32\shcore.dll
0x00007ff9dcdb0000 - 0x00007ff9dcdfa000 	C:\Windows\system32\powrprof.dll
0x00007ff9dcd80000 - 0x00007ff9dcd93000 	C:\Windows\system32\profapi.dll
0x00007ff9d57a0000 - 0x00007ff9d57ba000 	C:\Program Files\Android\Android Studio\jre\jre\bin\net.dll
0x00007ff9dc570000 - 0x00007ff9dc5cd000 	C:\Windows\system32\mswsock.dll
0x00007ff9d5780000 - 0x00007ff9d5791000 	C:\Program Files\Android\Android Studio\jre\jre\bin\nio.dll
0x00007ff9c3b10000 - 0x00007ff9c3b2e000 	C:\Users\Harsh\.gradle\native\25\windows-amd64\native-platform.dll
0x00007ff9d5890000 - 0x00007ff9d589d000 	C:\Program Files\Android\Android Studio\jre\jre\bin\management.dll
0x00007ff9dc5d0000 - 0x00007ff9dc5e7000 	C:\Windows\SYSTEM32\CRYPTSP.dll
0x00007ff9dcca0000 - 0x00007ff9dccc8000 	C:\Windows\SYSTEM32\bcrypt.dll
0x00007ff9dc220000 - 0x00007ff9dc253000 	C:\Windows\system32\rsaenh.dll
0x00007ff9dc350000 - 0x00007ff9dc36f000 	C:\Windows\SYSTEM32\USERENV.dll
0x00007ff9dcb20000 - 0x00007ff9dcb8b000 	C:\Windows\system32\bcryptprimitives.dll
0x00007ff9dc740000 - 0x00007ff9dc74b000 	C:\Windows\SYSTEM32\CRYPTBASE.dll
0x00007ff9d9840000 - 0x00007ff9d9878000 	C:\Windows\SYSTEM32\IPHLPAPI.DLL
0x00007ff9d9e30000 - 0x00007ff9d9e3b000 	C:\Windows\SYSTEM32\WINNSI.DLL
0x00007ff9d7a10000 - 0x00007ff9d7a26000 	C:\Windows\SYSTEM32\dhcpcsvc6.DLL
0x00007ff9d9700000 - 0x00007ff9d971a000 	C:\Windows\SYSTEM32\dhcpcsvc.DLL

VM Arguments:
jvm_args: -Xmx1536m -Dfile.encoding=windows-1252 -Duser.country=IN -Duser.language=en -Duser.variant 
java_command: org.gradle.launcher.daemon.bootstrap.GradleDaemon 5.1.1
java_class_path (initial): C:\Users\Harsh\.gradle\wrapper\dists\gradle-5.1.1-all\97z1ksx6lirer3kbvdnh7jtjg\gradle-5.1.1\lib\gradle-launcher-5.1.1.jar
Launcher Type: SUN_STANDARD

Environment Variables:
PATH=C:\Windows\system32;C:\Windows;C:\Windows\System32\Wbem;C:\Windows\System32\WindowsPowerShell\v1.0\
USERNAME=Harsh
OS=Windows_NT
PROCESSOR_IDENTIFIER=Intel64 Family 6 Model 61 Stepping 4, GenuineIntel



---------------  S Y S T E M  ---------------

OS: Windows 10.0 , 64 bit Build 10240 (10.0.10240.16384)

CPU:total 4 (initial active 4) (2 cores per cpu, 2 threads per core) family 6 model 61 stepping 4, cmov, cx8, fxsr, mmx, sse, sse2, sse3, ssse3, sse4.1, sse4.2, popcnt, avx, avx2, aes, clmul, erms, 3dnowpref, lzcnt, ht, tsc, tscinvbit, bmi1, bmi2, adx

Memory: 4k page, physical 8306864k(279936k free), swap 33472688k(5152k free)

vm_info: OpenJDK 64-Bit Server VM (25.202-b03) for windows-amd64 JRE (1.8.0_202-release-1483-b03), built by "builder" with MS VC++ 10.0 (VS2010)

time: Sat Feb 29 13:36:53 2020
timezone: India Standard Time
elapsed time: 5 seconds (0d 0h 0m 5s)

